2024-12-10 10:40:45,705 INFO  [org.jboss.modules] (main) JBoss Modules version 2.1.5.Final
2024-12-10 10:40:46,469 INFO  [org.jboss.msc] (main) JBoss MSC version 1.5.5.Final
2024-12-10 10:40:46,478 INFO  [org.jboss.threads] (main) JBoss Threads version 2.4.0.Final
2024-12-10 10:40:46,595 INFO  [org.jboss.as] (MSC service thread 1-2) WFLYSRV0049: WildFly 34.0.0.Final (WildFly Core 26.0.1.Final) starting
2024-12-10 10:40:46,597 DEBUG [org.jboss.as.config] (MSC service thread 1-2) Configured system properties:
	[Standalone] = 
	file.encoding = UTF-8
	file.separator = \
	java.awt.headless = true
	java.class.path = C:\Users\MSI\Desktop\Middelware\AppSec\target\server\jboss-modules.jar
	java.class.version = 65.0
	java.home = C:\jdk-21.0.4
	java.io.tmpdir = C:\Users\MSI\AppData\Local\Temp\
	java.library.path = C:\jdk-21.0.4\bin;C:\WINDOWS\Sun\Java\bin;C:\WINDOWS\system32;C:\WINDOWS;C:\Python312\Scripts\;C:\Python312\;C:\oraclexe\app\oracle\product\11.2.0\server\bin;C:\Windows\system32;C:\Windows;C:\Windows\System32\Wbem;C:\Windows\System32\WindowsPowerShell\v1.0\;C:\Windows\System32\OpenSSH\;C:\Program Files (x86)\NVIDIA Corporation\PhysX\Common;C:\WINDOWS\system32;C:\WINDOWS;C:\WINDOWS\System32\Wbem;C:\WINDOWS\System32\WindowsPowerShell\v1.0\;C:\WINDOWS\System32\OpenSSH\;C:\Users\MSI\AppData\Roaming\Microsoft\Windows\Start Menu\Programs\Python 3.11;C:\Program Files\Git\cmd;C:\flutter\bin;C:\Program Files\MongoDB\mongosh-2.2.1-win32-x64\bin;C:\Program Files\Docker\Docker\resources\bin;C:\Program Files\nodejs\;C:\Users\MSI\AppData\Roaming\npm;C:\Program Files\apache-maven-3.9.9\bin;C:\Program Files\Java\jdk-21.0.4\bin;C:\Program Files\PuTTY\;C:\Users\MSI\AppData\Local\Microsoft\WindowsApps;C:\intelFPGA\21.1\questa_fse\win64;C:\Users\MSI\Desktop\Microsoft VS Code\bin;C:\oraclexe;C:\Program Files\JetBrains\IntelliJ IDEA 2024.1.4\bin;;C:\Program Files\MySQL\MySQL Server 8.0\bin;C:\jdk-21.0.4\bin;C:\wildfly-preview-34.0.0.Final\bin;C:\apache-maven-3.9.6\bin;C:\Users\MSI\AppData\Roaming\npm;C:\Program Files\nodejs\;C:\Users\MSI\AppData\Local\GitHubDesktop\bin;;.
	java.net.preferIPv4Stack = true
	java.runtime.name = Java(TM) SE Runtime Environment
	java.runtime.version = 21.0.4+8-LTS-274
	java.security.manager = allow
	java.specification.name = Java Platform API Specification
	java.specification.vendor = Oracle Corporation
	java.specification.version = 21
	java.util.logging.manager = org.jboss.logmanager.LogManager
	java.vendor = Oracle Corporation
	java.vendor.url = https://java.oracle.com/
	java.vendor.url.bug = https://bugreport.java.com/bugreport/
	java.version = 21.0.4
	java.version.date = 2024-07-16
	java.vm.compressedOopsMode = 32-bit
	java.vm.info = mixed mode, sharing
	java.vm.name = Java HotSpot(TM) 64-Bit Server VM
	java.vm.specification.name = Java Virtual Machine Specification
	java.vm.specification.vendor = Oracle Corporation
	java.vm.specification.version = 21
	java.vm.vendor = Oracle Corporation
	java.vm.version = 21.0.4+8-LTS-274
	javax.management.builder.initial = org.jboss.as.jmx.PluggableMBeanServerBuilder
	jboss.home.dir = C:\Users\MSI\Desktop\Middelware\AppSec\target\server
	jboss.host.name = msi
	jboss.modules.system.pkgs = org.jboss.byteman
	jboss.node.name = msi
	jboss.qualified.host.name = msi
	jboss.server.base.dir = C:\Users\MSI\Desktop\Middelware\AppSec\target\server\standalone
	jboss.server.config.dir = C:\Users\MSI\Desktop\Middelware\AppSec\target\server\standalone\configuration
	jboss.server.data.dir = C:\Users\MSI\Desktop\Middelware\AppSec\target\server\standalone\data
	jboss.server.log.dir = C:\Users\MSI\Desktop\Middelware\AppSec\target\server\standalone\log
	jboss.server.name = msi
	jboss.server.persist.config = true
	jboss.server.temp.dir = C:\Users\MSI\Desktop\Middelware\AppSec\target\server\standalone\tmp
	jdk.debug = release
	line.separator = 

	logging.configuration = file:C:\Users\MSI\Desktop\Middelware\AppSec\target\server\standalone\configuration\logging.properties
	module.path = C:\Users\MSI\Desktop\Middelware\AppSec\target\server\modules
	native.encoding = Cp1252
	org.jboss.boot.log.file = C:\Users\MSI\Desktop\Middelware\AppSec\target\server\standalone\log\server.log
	org.jboss.resolver.warning = true
	os.arch = amd64
	os.name = Windows 11
	os.version = 10.0
	path.separator = ;
	stderr.encoding = cp850
	stdout.encoding = cp850
	sun.arch.data.model = 64
	sun.boot.library.path = C:\jdk-21.0.4\bin
	sun.cpu.endian = little
	sun.cpu.isalist = amd64
	sun.io.unicode.encoding = UnicodeLittle
	sun.java.command = C:\Users\MSI\Desktop\Middelware\AppSec\target\server\jboss-modules.jar -mp C:\Users\MSI\Desktop\Middelware\AppSec\target\server\modules org.jboss.as.standalone -c=standalone.xml
	sun.java.launcher = SUN_STANDARD
	sun.jnu.encoding = Cp1252
	sun.management.compiler = HotSpot 64-Bit Tiered Compilers
	sun.os.patch.level = 
	user.country = FR
	user.dir = C:\Users\MSI\Desktop\Middelware\AppSec
	user.home = C:\Users\MSI
	user.language = fr
	user.name = MSI
	user.script = 
	user.timezone = Africa/Lagos
	user.variant = 
2024-12-10 10:40:46,598 DEBUG [org.jboss.as.config] (MSC service thread 1-2) VM Arguments: -D[Standalone] -Xms64m -Xmx512m -Djava.net.preferIPv4Stack=true -Djava.awt.headless=true -Djboss.modules.system.pkgs=org.jboss.byteman --add-exports=java.base/sun.nio.ch=ALL-UNNAMED --add-exports=jdk.unsupported/sun.reflect=ALL-UNNAMED --add-exports=jdk.unsupported/sun.misc=ALL-UNNAMED --add-modules=java.se --add-exports=java.desktop/sun.awt=ALL-UNNAMED --add-exports=java.naming/com.sun.jndi.ldap=ALL-UNNAMED --add-exports=java.naming/com.sun.jndi.url.ldap=ALL-UNNAMED --add-exports=java.naming/com.sun.jndi.url.ldaps=ALL-UNNAMED --add-exports=jdk.naming.dns/com.sun.jndi.dns=ALL-UNNAMED --add-opens=java.base/java.lang=ALL-UNNAMED --add-opens=java.base/java.lang.invoke=ALL-UNNAMED --add-opens=java.base/java.lang.reflect=ALL-UNNAMED --add-opens=java.base/java.io=ALL-UNNAMED --add-opens=java.base/java.net=ALL-UNNAMED --add-opens=java.base/java.security=ALL-UNNAMED --add-opens=java.base/java.util=ALL-UNNAMED --add-opens=java.base/java.util.concurrent=ALL-UNNAMED --add-opens=java.management/javax.management=ALL-UNNAMED --add-opens=java.naming/javax.naming=ALL-UNNAMED --add-modules=java.se -Djava.security.manager=allow -Djboss.home.dir=C:\Users\MSI\Desktop\Middelware\AppSec\target\server -Djboss.server.base.dir=C:\Users\MSI\Desktop\Middelware\AppSec\target\server\standalone -Djboss.server.log.dir=C:\Users\MSI\Desktop\Middelware\AppSec\target\server\standalone\log -Djboss.server.config.dir=C:\Users\MSI\Desktop\Middelware\AppSec\target\server\standalone\configuration -Dorg.jboss.boot.log.file=C:\Users\MSI\Desktop\Middelware\AppSec\target\server\standalone\log\server.log -Dlogging.configuration=file:C:\Users\MSI\Desktop\Middelware\AppSec\target\server\standalone\configuration\logging.properties 
2024-12-10 10:40:47,768 INFO  [org.wildfly.security] (Controller Boot Thread) ELY00001: WildFly Elytron version 2.6.0.Final
2024-12-10 10:40:49,284 INFO  [org.jboss.as.server] (Controller Boot Thread) WFLYSRV0039: Creating http management service using socket-binding (management-http)
2024-12-10 10:40:49,314 INFO  [org.xnio] (MSC service thread 1-3) XNIO version 3.8.16.Final
2024-12-10 10:40:49,330 INFO  [org.xnio.nio] (MSC service thread 1-3) XNIO NIO Implementation Version 3.8.16.Final
2024-12-10 10:40:49,378 INFO  [org.jboss.as.jaxrs] (ServerService Thread Pool -- 42) WFLYRS0016: RESTEasy version 6.2.10.Final
2024-12-10 10:40:49,393 INFO  [org.wildfly.extension.health] (ServerService Thread Pool -- 39) WFLYHEALTH0001: Activating Base Health Subsystem
2024-12-10 10:40:49,397 WARN  [org.jboss.as.txn] (ServerService Thread Pool -- 57) WFLYTX0013: The node-identifier attribute on the /subsystem=transactions is set to the default value. This is a danger for environments running multiple servers. Please make sure the attribute value is unique.
2024-12-10 10:40:49,398 INFO  [org.jboss.as.clustering.infinispan] (ServerService Thread Pool -- 40) WFLYCLINF0001: Activating Infinispan subsystem.
2024-12-10 10:40:49,402 INFO  [org.wildfly.extension.microprofile.telemetry] (ServerService Thread Pool -- 50) WFLYMPTEL0001: Activating MicroProfile Telemetry Subsystem
2024-12-10 10:40:49,405 INFO  [org.wildfly.extension.microprofile.config.smallrye] (ServerService Thread Pool -- 48) WFLYCONF0001: Activating MicroProfile Config Subsystem
2024-12-10 10:40:49,495 INFO  [org.wildfly.extension.microprofile.health.smallrye] (ServerService Thread Pool -- 49) WFLYMPHEALTH0001: Activating MicroProfile Health Subsystem
2024-12-10 10:40:49,496 INFO  [org.jboss.as.naming] (ServerService Thread Pool -- 51) WFLYNAM0001: Activating Naming Subsystem
2024-12-10 10:40:49,517 INFO  [org.wildfly.extension.metrics] (ServerService Thread Pool -- 47) WFLYMETRICS0001: Activating Base Metrics Subsystem
2024-12-10 10:40:49,563 INFO  [org.jboss.as.connector] (MSC service thread 1-8) WFLYJCA0009: Starting Jakarta Connectors Subsystem (WildFly/IronJacamar 3.0.10.Final)
2024-12-10 10:40:49,578 INFO  [org.wildfly.extension.io] (ServerService Thread Pool -- 41) WFLYIO001: Worker 'default' has auto-configured to 32 IO threads with 256 max task threads based on your 16 available processors
2024-12-10 10:40:49,826 INFO  [org.jboss.as.naming] (MSC service thread 1-4) WFLYNAM0003: Starting Naming Service
2024-12-10 10:40:49,839 INFO  [org.wildfly.extension.undertow] (MSC service thread 1-2) WFLYUT0003: Undertow 2.3.18.Final starting
2024-12-10 10:40:49,956 INFO  [org.jboss.remoting] (MSC service thread 1-6) JBoss Remoting version 5.0.29.Final
2024-12-10 10:40:50,087 WARN  [org.wildfly.extension.elytron] (MSC service thread 1-4) WFLYELY00023: KeyStore file 'C:\Users\MSI\Desktop\Middelware\AppSec\target\server\standalone\configuration\application.keystore' does not exist. Used blank.
2024-12-10 10:40:50,270 WARN  [org.wildfly.extension.elytron] (MSC service thread 1-1) WFLYELY01084: KeyStore C:\Users\MSI\Desktop\Middelware\AppSec\target\server\standalone\configuration\application.keystore not found, it will be auto-generated on first use with a self-signed certificate for host localhost
2024-12-10 10:40:50,378 INFO  [org.wildfly.extension.undertow] (MSC service thread 1-8) WFLYUT0012: Started server default-server.
2024-12-10 10:40:50,386 INFO  [org.wildfly.extension.undertow] (MSC service thread 1-2) Queuing requests.
2024-12-10 10:40:50,395 INFO  [org.wildfly.extension.undertow] (MSC service thread 1-2) WFLYUT0018: Host default-host starting
2024-12-10 10:40:50,570 WARN  [org.jboss.as.domain.http.api.undertow] (MSC service thread 1-5) WFLYDMHTTP0003: Unable to load console module for slot main, disabling console
2024-12-10 10:40:50,652 INFO  [org.wildfly.extension.undertow] (MSC service thread 1-8) WFLYUT0006: Undertow HTTP listener default listening on 127.0.0.1:8080
2024-12-10 10:40:50,867 INFO  [org.jboss.as.server.deployment.scanner] (MSC service thread 1-8) WFLYDS0013: Started FileSystemDeploymentService for directory C:\Users\MSI\Desktop\Middelware\AppSec\target\server\standalone\deployments
2024-12-10 10:40:51,362 INFO  [org.jboss.as.server] (Controller Boot Thread) WFLYSRV0212: Resuming server
2024-12-10 10:40:51,381 INFO  [org.jboss.as] (Controller Boot Thread) WFLYSRV0060: Http management interface listening on http://127.0.0.1:9990/management
2024-12-10 10:40:51,382 INFO  [org.jboss.as] (Controller Boot Thread) WFLYSRV0054: Admin console is not enabled
2024-12-10 10:40:51,384 INFO  [org.jboss.as] (Controller Boot Thread) WFLYSRV0025: WildFly 34.0.0.Final (WildFly Core 26.0.1.Final) started in 6228ms - Started 217 of 301 services (141 services are lazy, passive or on-demand) - Server configuration file in use: standalone.xml - Minimum feature stability level: community
2024-12-10 10:40:55,669 INFO  [org.jboss.as.server.deployment] (MSC service thread 1-5) WFLYSRV0027: Starting deployment of "ROOT.war" (runtime-name: "ROOT.war")
2024-12-10 10:41:02,511 WARN  [org.jboss.weld.deployer] (MSC service thread 1-1) WFLYWELD0018: Found both WEB-INF/beans.xml and WEB-INF/classes/META-INF/beans.xml. It is not portable to use both locations at the same time. Weld is going to use the former location for this deployment.
2024-12-10 10:41:02,786 INFO  [org.jboss.weld.deployer] (MSC service thread 1-5) WFLYWELD0003: Processing weld deployment ROOT.war
2024-12-10 10:41:02,996 INFO  [org.hibernate.validator.internal.util.Version] (MSC service thread 1-5) HV000001: Hibernate Validator 8.0.1.Final
2024-12-10 10:41:03,414 INFO  [org.jboss.weld.Version] (MSC service thread 1-4) WELD-000900: 5.1.3 (Final)
2024-12-10 10:41:07,582 INFO  [org.eclipse.jnosql.mapping.document.spi.DocumentExtension] (MSC service thread 1-7) Processing Document extension: 0 databases crud 1 found
2024-12-10 10:41:07,583 INFO  [org.eclipse.jnosql.mapping.document.spi.DocumentExtension] (MSC service thread 1-7) Processing repositories as a Document implementation: [interface tn.supcom.appsec.repositories.UserRepository]
2024-12-10 10:41:08,017 INFO  [org.wildfly.security.soteria.original.SamRegistrationInstaller] (ServerService Thread Pool -- 60) Initializing Soteria 3.0.3.Final for context ''
2024-12-10 10:41:08,672 INFO  [org.jboss.resteasy.resteasy_jaxrs.i18n] (ServerService Thread Pool -- 60) RESTEASY002225: Deploying jakarta.ws.rs.core.Application: class tn.supcom.appsec.JaxRSActivator
2024-12-10 10:41:08,736 INFO  [org.wildfly.extension.undertow] (ServerService Thread Pool -- 60) WFLYUT0021: Registered web context: '/' for server 'default-server'
2024-12-10 10:41:08,826 INFO  [org.jboss.as.server] (management-handler-thread - 1) WFLYSRV0010: Deployed "ROOT.war" (runtime-name : "ROOT.war")
2024-12-10 10:41:44,805 INFO  [org.mongodb.driver.client] (default task-1) MongoClient with metadata {"driver": {"name": "mongo-java-driver|sync", "version": "4.11.1"}, "os": {"type": "Windows", "name": "Windows 11", "architecture": "amd64", "version": "10.0"}, "platform": "Java/Oracle Corporation/21.0.4+8-LTS-274"} created with settings MongoClientSettings{readPreference=primary, writeConcern=WriteConcern{w=null, wTimeout=null ms, journal=null}, retryWrites=true, retryReads=true, readConcern=ReadConcern{level=null}, credential=null, transportSettings=null, streamFactoryFactory=null, commandListeners=[], codecRegistry=ProvidersCodecRegistry{codecProviders=[ValueCodecProvider{}, BsonValueCodecProvider{}, DBRefCodecProvider{}, DBObjectCodecProvider{}, DocumentCodecProvider{}, CollectionCodecProvider{}, IterableCodecProvider{}, MapCodecProvider{}, GeoJsonCodecProvider{}, GridFSFileCodecProvider{}, Jsr310CodecProvider{}, JsonObjectCodecProvider{}, BsonCodecProvider{}, EnumCodecProvider{}, com.mongodb.client.model.mql.ExpressionCodecProvider@1ac95e03, com.mongodb.Jep395RecordCodecProvider@46989c41, com.mongodb.KotlinCodecProvider@6a60706b]}, loggerSettings=LoggerSettings{maxDocumentLength=1000}, clusterSettings={hosts=[localhost:27017], srvServiceName=mongodb, mode=SINGLE, requiredClusterType=UNKNOWN, requiredReplicaSetName='null', serverSelector='null', clusterListeners='[]', serverSelectionTimeout='30000 ms', localThreshold='15 ms'}, socketSettings=SocketSettings{connectTimeoutMS=10000, readTimeoutMS=0, receiveBufferSize=0, proxySettings=ProxySettings{host=null, port=null, username=null, password=null}}, heartbeatSocketSettings=SocketSettings{connectTimeoutMS=10000, readTimeoutMS=10000, receiveBufferSize=0, proxySettings=ProxySettings{host=null, port=null, username=null, password=null}}, connectionPoolSettings=ConnectionPoolSettings{maxSize=100, minSize=0, maxWaitTimeMS=120000, maxConnectionLifeTimeMS=0, maxConnectionIdleTimeMS=0, maintenanceInitialDelayMS=0, maintenanceFrequencyMS=60000, connectionPoolListeners=[], maxConnecting=2}, serverSettings=ServerSettings{heartbeatFrequencyMS=10000, minHeartbeatFrequencyMS=500, serverListeners='[]', serverMonitorListeners='[]'}, sslSettings=SslSettings{enabled=false, invalidHostNameAllowed=false, context=null}, applicationName='null', compressorList=[], uuidRepresentation=UNSPECIFIED, serverApi=null, autoEncryptionSettings=null, dnsClient=null, inetAddressResolver=null, contextProvider=null}
2024-12-10 10:41:44,836 INFO  [org.mongodb.driver.cluster] (cluster-ClusterId{value='67580cd80cfa306017bcc6fe', description='null'}-localhost:27017) Monitor thread successfully connected to server with description ServerDescription{address=localhost:27017, type=STANDALONE, state=CONNECTED, ok=true, minWireVersion=0, maxWireVersion=21, maxDocumentSize=16777216, logicalSessionTimeoutMinutes=30, roundTripTimeNanos=35613400}
2024-12-10 10:41:44,888 ERROR [org.jboss.resteasy.core.providerfactory.DefaultExceptionMapper] (default task-1) RESTEASY002375: Error processing request POST /api/authenticate - tn.supcom.appsec.boundaries.SignInEndpoint.signIn: java.util.NoSuchElementException: No value present
	at java.base/java.util.Optional.orElseThrow(Optional.java:377)
	at deployment.ROOT.war//tn.supcom.appsec.controllers.UserManager.authenticate(UserManager.java:24)
	at deployment.ROOT.war//tn.supcom.appsec.controllers.UserManager$Proxy$_$$_WeldClientProxy.authenticate(Unknown Source)
	at deployment.ROOT.war//tn.supcom.appsec.boundaries.SignInEndpoint.signIn(SignInEndpoint.java:109)
	at deployment.ROOT.war//tn.supcom.appsec.boundaries.SignInEndpoint$Proxy$_$$_WeldClientProxy.signIn(Unknown Source)
	at java.base/jdk.internal.reflect.DirectMethodHandleAccessor.invoke(DirectMethodHandleAccessor.java:103)
	at java.base/java.lang.reflect.Method.invoke(Method.java:580)
	at org.jboss.resteasy.resteasy-core@6.2.10.Final//org.jboss.resteasy.core.MethodInjectorImpl.invoke(MethodInjectorImpl.java:154)
	at org.jboss.resteasy.resteasy-core@6.2.10.Final//org.jboss.resteasy.core.MethodInjectorImpl.invoke(MethodInjectorImpl.java:118)
	at org.jboss.resteasy.resteasy-core@6.2.10.Final//org.jboss.resteasy.core.ResourceMethodInvoker.internalInvokeOnTarget(ResourceMethodInvoker.java:560)
	at org.jboss.resteasy.resteasy-core@6.2.10.Final//org.jboss.resteasy.core.ResourceMethodInvoker.invokeOnTargetAfterFilter(ResourceMethodInvoker.java:452)
	at org.jboss.resteasy.resteasy-core@6.2.10.Final//org.jboss.resteasy.core.ResourceMethodInvoker.lambda$invokeOnTarget$2(ResourceMethodInvoker.java:413)
	at org.jboss.resteasy.resteasy-core@6.2.10.Final//org.jboss.resteasy.core.interception.jaxrs.PreMatchContainerRequestContext.filter(PreMatchContainerRequestContext.java:321)
	at org.jboss.resteasy.resteasy-core@6.2.10.Final//org.jboss.resteasy.core.ResourceMethodInvoker.invokeOnTarget(ResourceMethodInvoker.java:415)
	at org.jboss.resteasy.resteasy-core@6.2.10.Final//org.jboss.resteasy.core.ResourceMethodInvoker.invoke(ResourceMethodInvoker.java:378)
	at org.jboss.resteasy.resteasy-core@6.2.10.Final//org.jboss.resteasy.core.ResourceMethodInvoker.invoke(ResourceMethodInvoker.java:356)
	at org.jboss.resteasy.resteasy-core@6.2.10.Final//org.jboss.resteasy.core.ResourceMethodInvoker.invoke(ResourceMethodInvoker.java:70)
	at org.jboss.resteasy.resteasy-core@6.2.10.Final//org.jboss.resteasy.core.SynchronousDispatcher.invoke(SynchronousDispatcher.java:429)
	at org.jboss.resteasy.resteasy-core@6.2.10.Final//org.jboss.resteasy.core.SynchronousDispatcher.lambda$invoke$4(SynchronousDispatcher.java:240)
	at org.jboss.resteasy.resteasy-core@6.2.10.Final//org.jboss.resteasy.core.SynchronousDispatcher.lambda$preprocess$0(SynchronousDispatcher.java:154)
	at org.jboss.resteasy.resteasy-core@6.2.10.Final//org.jboss.resteasy.core.interception.jaxrs.PreMatchContainerRequestContext.filter(PreMatchContainerRequestContext.java:321)
	at org.jboss.resteasy.resteasy-core@6.2.10.Final//org.jboss.resteasy.core.SynchronousDispatcher.preprocess(SynchronousDispatcher.java:157)
	at org.jboss.resteasy.resteasy-core@6.2.10.Final//org.jboss.resteasy.core.SynchronousDispatcher.invoke(SynchronousDispatcher.java:229)
	at org.jboss.resteasy.resteasy-core@6.2.10.Final//org.jboss.resteasy.plugins.server.servlet.ServletContainerDispatcher.service(ServletContainerDispatcher.java:222)
	at org.jboss.resteasy.resteasy-core@6.2.10.Final//org.jboss.resteasy.plugins.server.servlet.HttpServletDispatcher.service(HttpServletDispatcher.java:55)
	at org.jboss.resteasy.resteasy-core@6.2.10.Final//org.jboss.resteasy.plugins.server.servlet.HttpServletDispatcher.service(HttpServletDispatcher.java:51)
	at jakarta.servlet.api@6.0.0//jakarta.servlet.http.HttpServlet.service(HttpServlet.java:614)
	at io.undertow.servlet@2.3.18.Final//io.undertow.servlet.handlers.ServletHandler.handleRequest(ServletHandler.java:74)
	at io.undertow.servlet@2.3.18.Final//io.undertow.servlet.handlers.security.ServletSecurityRoleHandler.handleRequest(ServletSecurityRoleHandler.java:62)
	at io.undertow.servlet@2.3.18.Final//io.undertow.servlet.handlers.ServletChain$1.handleRequest(ServletChain.java:68)
	at io.undertow.servlet@2.3.18.Final//io.undertow.servlet.handlers.ServletDispatchingHandler.handleRequest(ServletDispatchingHandler.java:36)
	at org.wildfly.security.elytron-web.undertow-server@4.1.0.Final//org.wildfly.elytron.web.undertow.server.ElytronRunAsHandler.lambda$handleRequest$1(ElytronRunAsHandler.java:68)
	at org.wildfly.security.elytron-base@2.6.0.Final//org.wildfly.security.auth.server.FlexibleIdentityAssociation.runAsFunctionEx(FlexibleIdentityAssociation.java:103)
	at org.wildfly.security.elytron-base@2.6.0.Final//org.wildfly.security.auth.server.Scoped.runAsFunctionEx(Scoped.java:161)
	at org.wildfly.security.elytron-base@2.6.0.Final//org.wildfly.security.auth.server.Scoped.runAs(Scoped.java:73)
	at org.wildfly.security.elytron-web.undertow-server@4.1.0.Final//org.wildfly.elytron.web.undertow.server.ElytronRunAsHandler.handleRequest(ElytronRunAsHandler.java:67)
	at io.undertow.servlet@2.3.18.Final//io.undertow.servlet.handlers.RedirectDirHandler.handleRequest(RedirectDirHandler.java:68)
	at io.undertow.servlet@2.3.18.Final//io.undertow.servlet.handlers.security.SSLInformationAssociationHandler.handleRequest(SSLInformationAssociationHandler.java:117)
	at io.undertow.servlet@2.3.18.Final//io.undertow.servlet.handlers.security.ServletAuthenticationCallHandler.handleRequest(ServletAuthenticationCallHandler.java:57)
	at io.undertow.core@2.3.18.Final//io.undertow.server.handlers.PredicateHandler.handleRequest(PredicateHandler.java:43)
	at io.undertow.core@2.3.18.Final//io.undertow.security.handlers.AbstractConfidentialityHandler.handleRequest(AbstractConfidentialityHandler.java:46)
	at io.undertow.servlet@2.3.18.Final//io.undertow.servlet.handlers.security.ServletConfidentialityConstraintHandler.handleRequest(ServletConfidentialityConstraintHandler.java:64)
	at io.undertow.core@2.3.18.Final//io.undertow.security.handlers.AbstractSecurityContextAssociationHandler.handleRequest(AbstractSecurityContextAssociationHandler.java:43)
	at org.wildfly.security.elytron-web.undertow-server-servlet@4.1.0.Final//org.wildfly.elytron.web.undertow.server.servlet.CleanUpHandler.handleRequest(CleanUpHandler.java:38)
	at io.undertow.core@2.3.18.Final//io.undertow.server.handlers.PredicateHandler.handleRequest(PredicateHandler.java:43)
	at org.wildfly.extension.undertow@34.0.0.Final//org.wildfly.extension.undertow.security.jacc.JACCContextIdHandler.handleRequest(JACCContextIdHandler.java:44)
	at io.undertow.core@2.3.18.Final//io.undertow.server.handlers.PredicateHandler.handleRequest(PredicateHandler.java:43)
	at org.wildfly.extension.undertow@34.0.0.Final//org.wildfly.extension.undertow.deployment.GlobalRequestControllerHandler.handleRequest(GlobalRequestControllerHandler.java:51)
	at io.undertow.servlet@2.3.18.Final//io.undertow.servlet.handlers.SendErrorPageHandler.handleRequest(SendErrorPageHandler.java:52)
	at io.undertow.core@2.3.18.Final//io.undertow.server.handlers.PredicateHandler.handleRequest(PredicateHandler.java:43)
	at io.undertow.servlet@2.3.18.Final//io.undertow.servlet.handlers.ServletInitialHandler.handleFirstRequest(ServletInitialHandler.java:276)
	at io.undertow.servlet@2.3.18.Final//io.undertow.servlet.handlers.ServletInitialHandler$2.call(ServletInitialHandler.java:135)
	at io.undertow.servlet@2.3.18.Final//io.undertow.servlet.handlers.ServletInitialHandler$2.call(ServletInitialHandler.java:132)
	at io.undertow.servlet@2.3.18.Final//io.undertow.servlet.core.ServletRequestContextThreadSetupAction$1.call(ServletRequestContextThreadSetupAction.java:48)
	at io.undertow.servlet@2.3.18.Final//io.undertow.servlet.core.ContextClassLoaderSetupAction$1.call(ContextClassLoaderSetupAction.java:43)
	at org.wildfly.extension.undertow@34.0.0.Final//org.wildfly.extension.undertow.deployment.UndertowDeploymentInfoService$UndertowThreadSetupAction.lambda$create$0(UndertowDeploymentInfoService.java:1421)
	at org.wildfly.extension.undertow@34.0.0.Final//org.wildfly.extension.undertow.deployment.UndertowDeploymentInfoService$UndertowThreadSetupAction.lambda$create$0(UndertowDeploymentInfoService.java:1421)
	at org.wildfly.extension.undertow@34.0.0.Final//org.wildfly.extension.undertow.deployment.UndertowDeploymentInfoService$UndertowThreadSetupAction.lambda$create$0(UndertowDeploymentInfoService.java:1421)
	at org.wildfly.extension.undertow@34.0.0.Final//org.wildfly.extension.undertow.deployment.UndertowDeploymentInfoService$UndertowThreadSetupAction.lambda$create$0(UndertowDeploymentInfoService.java:1421)
	at io.undertow.servlet@2.3.18.Final//io.undertow.servlet.handlers.ServletInitialHandler.dispatchRequest(ServletInitialHandler.java:256)
	at io.undertow.servlet@2.3.18.Final//io.undertow.servlet.handlers.ServletInitialHandler$1.handleRequest(ServletInitialHandler.java:101)
	at io.undertow.core@2.3.18.Final//io.undertow.server.Connectors.executeRootHandler(Connectors.java:395)
	at io.undertow.core@2.3.18.Final//io.undertow.server.HttpServerExchange$1.run(HttpServerExchange.java:861)
	at org.jboss.threads@2.4.0.Final//org.jboss.threads.ContextClassLoaderSavingRunnable.run(ContextClassLoaderSavingRunnable.java:35)
	at org.jboss.threads@2.4.0.Final//org.jboss.threads.EnhancedQueueExecutor.safeRun(EnhancedQueueExecutor.java:1990)
	at org.jboss.threads@2.4.0.Final//org.jboss.threads.EnhancedQueueExecutor$ThreadBody.doRunTask(EnhancedQueueExecutor.java:1486)
	at org.jboss.threads@2.4.0.Final//org.jboss.threads.EnhancedQueueExecutor$ThreadBody.run(EnhancedQueueExecutor.java:1348)
	at org.jboss.xnio@3.8.16.Final//org.xnio.XnioWorker$WorkerThreadFactory$1$1.run(XnioWorker.java:1282)
	at java.base/java.lang.Thread.run(Thread.java:1583)

2024-12-10 10:44:59,786 INFO  [org.wildfly.extension.undertow] (ServerService Thread Pool -- 60) WFLYUT0022: Unregistered web context: '/' from server 'default-server'
2024-12-10 10:44:59,878 INFO  [org.jboss.as.server.deployment] (MSC service thread 1-6) WFLYSRV0028: Stopped deployment ROOT.war (runtime-name: ROOT.war) in 99ms
2024-12-10 10:44:59,912 INFO  [org.jboss.as.server] (management-handler-thread - 1) WFLYSRV0009: Undeployed "ROOT.war" (runtime-name: "ROOT.war")
2024-12-10 10:45:10,483 INFO  [org.jboss.as.server.deployment] (MSC service thread 1-6) WFLYSRV0027: Starting deployment of "ROOT.war" (runtime-name: "ROOT.war")
2024-12-10 10:45:16,614 WARN  [org.jboss.weld.deployer] (MSC service thread 1-6) WFLYWELD0018: Found both WEB-INF/beans.xml and WEB-INF/classes/META-INF/beans.xml. It is not portable to use both locations at the same time. Weld is going to use the former location for this deployment.
2024-12-10 10:45:16,682 INFO  [org.jboss.weld.deployer] (MSC service thread 1-8) WFLYWELD0003: Processing weld deployment ROOT.war
2024-12-10 10:45:20,499 INFO  [org.eclipse.jnosql.mapping.document.spi.DocumentExtension] (MSC service thread 1-3) Processing Document extension: 0 databases crud 1 found
2024-12-10 10:45:20,500 INFO  [org.eclipse.jnosql.mapping.document.spi.DocumentExtension] (MSC service thread 1-3) Processing repositories as a Document implementation: [interface tn.supcom.appsec.repositories.UserRepository]
2024-12-10 10:45:20,581 INFO  [org.wildfly.security.soteria.original.SamRegistrationInstaller] (ServerService Thread Pool -- 65) Initializing Soteria 3.0.3.Final for context ''
2024-12-10 10:45:20,601 INFO  [org.jboss.resteasy.resteasy_jaxrs.i18n] (ServerService Thread Pool -- 65) RESTEASY002225: Deploying jakarta.ws.rs.core.Application: class tn.supcom.appsec.JaxRSActivator
2024-12-10 10:45:20,615 INFO  [org.wildfly.extension.undertow] (ServerService Thread Pool -- 65) WFLYUT0021: Registered web context: '/' for server 'default-server'
2024-12-10 10:45:20,679 INFO  [org.jboss.as.server] (management-handler-thread - 1) WFLYSRV0010: Deployed "ROOT.war" (runtime-name : "ROOT.war")
2024-12-10 10:46:33,938 INFO  [org.wildfly.extension.undertow] (ServerService Thread Pool -- 65) WFLYUT0022: Unregistered web context: '/' from server 'default-server'
2024-12-10 10:46:34,025 INFO  [org.jboss.as.server.deployment] (MSC service thread 1-8) WFLYSRV0028: Stopped deployment ROOT.war (runtime-name: ROOT.war) in 88ms
2024-12-10 10:46:34,027 INFO  [org.jboss.as.server.deployment] (MSC service thread 1-6) WFLYSRV0027: Starting deployment of "ROOT.war" (runtime-name: "ROOT.war")
2024-12-10 10:46:35,215 WARN  [org.jboss.weld.deployer] (MSC service thread 1-6) WFLYWELD0018: Found both WEB-INF/beans.xml and WEB-INF/classes/META-INF/beans.xml. It is not portable to use both locations at the same time. Weld is going to use the former location for this deployment.
2024-12-10 10:46:35,285 INFO  [org.jboss.weld.deployer] (MSC service thread 1-2) WFLYWELD0003: Processing weld deployment ROOT.war
2024-12-10 10:46:38,891 INFO  [org.eclipse.jnosql.mapping.document.spi.DocumentExtension] (MSC service thread 1-5) Processing Document extension: 0 databases crud 1 found
2024-12-10 10:46:38,892 INFO  [org.eclipse.jnosql.mapping.document.spi.DocumentExtension] (MSC service thread 1-5) Processing repositories as a Document implementation: [interface tn.supcom.appsec.repositories.UserRepository]
2024-12-10 10:46:38,969 INFO  [org.wildfly.security.soteria.original.SamRegistrationInstaller] (ServerService Thread Pool -- 67) Initializing Soteria 3.0.3.Final for context ''
2024-12-10 10:46:38,987 INFO  [org.jboss.resteasy.resteasy_jaxrs.i18n] (ServerService Thread Pool -- 67) RESTEASY002225: Deploying jakarta.ws.rs.core.Application: class tn.supcom.appsec.JaxRSActivator
2024-12-10 10:46:38,998 INFO  [org.wildfly.extension.undertow] (ServerService Thread Pool -- 67) WFLYUT0021: Registered web context: '/' for server 'default-server'
2024-12-10 10:46:39,022 INFO  [org.jboss.as.server] (management-handler-thread - 1) WFLYSRV0013: Redeployed "ROOT.war"
2024-12-10 10:46:39,078 INFO  [org.wildfly.extension.undertow] (ServerService Thread Pool -- 67) WFLYUT0022: Unregistered web context: '/' from server 'default-server'
2024-12-10 10:46:39,168 INFO  [org.jboss.as.server.deployment] (MSC service thread 1-6) WFLYSRV0028: Stopped deployment ROOT.war (runtime-name: ROOT.war) in 90ms
2024-12-10 10:46:39,169 INFO  [org.jboss.as.server.deployment] (MSC service thread 1-7) WFLYSRV0027: Starting deployment of "ROOT.war" (runtime-name: "ROOT.war")
2024-12-10 10:46:40,092 WARN  [org.jboss.weld.deployer] (MSC service thread 1-2) WFLYWELD0018: Found both WEB-INF/beans.xml and WEB-INF/classes/META-INF/beans.xml. It is not portable to use both locations at the same time. Weld is going to use the former location for this deployment.
2024-12-10 10:46:40,148 INFO  [org.jboss.weld.deployer] (MSC service thread 1-7) WFLYWELD0003: Processing weld deployment ROOT.war
2024-12-10 10:46:43,281 INFO  [org.eclipse.jnosql.mapping.document.spi.DocumentExtension] (MSC service thread 1-6) Processing Document extension: 0 databases crud 1 found
2024-12-10 10:46:43,282 INFO  [org.eclipse.jnosql.mapping.document.spi.DocumentExtension] (MSC service thread 1-6) Processing repositories as a Document implementation: [interface tn.supcom.appsec.repositories.UserRepository]
2024-12-10 10:46:43,368 INFO  [org.wildfly.security.soteria.original.SamRegistrationInstaller] (ServerService Thread Pool -- 68) Initializing Soteria 3.0.3.Final for context ''
2024-12-10 10:46:43,401 INFO  [org.jboss.resteasy.resteasy_jaxrs.i18n] (ServerService Thread Pool -- 68) RESTEASY002225: Deploying jakarta.ws.rs.core.Application: class tn.supcom.appsec.JaxRSActivator
2024-12-10 10:46:43,423 INFO  [org.wildfly.extension.undertow] (ServerService Thread Pool -- 68) WFLYUT0021: Registered web context: '/' for server 'default-server'
2024-12-10 10:46:43,462 INFO  [org.jboss.as.server] (management-handler-thread - 1) WFLYSRV0013: Redeployed "ROOT.war"
2024-12-10 10:46:43,520 INFO  [org.wildfly.extension.undertow] (ServerService Thread Pool -- 68) WFLYUT0022: Unregistered web context: '/' from server 'default-server'
2024-12-10 10:46:43,607 INFO  [org.jboss.as.server.deployment] (MSC service thread 1-3) WFLYSRV0028: Stopped deployment ROOT.war (runtime-name: ROOT.war) in 87ms
2024-12-10 10:46:43,609 INFO  [org.jboss.as.server.deployment] (MSC service thread 1-3) WFLYSRV0027: Starting deployment of "ROOT.war" (runtime-name: "ROOT.war")
2024-12-10 10:46:44,557 WARN  [org.jboss.weld.deployer] (MSC service thread 1-1) WFLYWELD0018: Found both WEB-INF/beans.xml and WEB-INF/classes/META-INF/beans.xml. It is not portable to use both locations at the same time. Weld is going to use the former location for this deployment.
2024-12-10 10:46:44,614 INFO  [org.jboss.weld.deployer] (MSC service thread 1-4) WFLYWELD0003: Processing weld deployment ROOT.war
2024-12-10 10:46:47,935 INFO  [org.eclipse.jnosql.mapping.document.spi.DocumentExtension] (MSC service thread 1-3) Processing Document extension: 0 databases crud 1 found
2024-12-10 10:46:47,936 INFO  [org.eclipse.jnosql.mapping.document.spi.DocumentExtension] (MSC service thread 1-3) Processing repositories as a Document implementation: [interface tn.supcom.appsec.repositories.UserRepository]
2024-12-10 10:46:48,001 INFO  [org.wildfly.security.soteria.original.SamRegistrationInstaller] (ServerService Thread Pool -- 68) Initializing Soteria 3.0.3.Final for context ''
2024-12-10 10:46:48,014 INFO  [org.jboss.resteasy.resteasy_jaxrs.i18n] (ServerService Thread Pool -- 68) RESTEASY002225: Deploying jakarta.ws.rs.core.Application: class tn.supcom.appsec.JaxRSActivator
2024-12-10 10:46:48,024 INFO  [org.wildfly.extension.undertow] (ServerService Thread Pool -- 68) WFLYUT0021: Registered web context: '/' for server 'default-server'
2024-12-10 10:46:48,046 INFO  [org.jboss.as.server] (management-handler-thread - 1) WFLYSRV0013: Redeployed "ROOT.war"
2024-12-10 10:46:48,091 INFO  [org.wildfly.extension.undertow] (ServerService Thread Pool -- 68) WFLYUT0022: Unregistered web context: '/' from server 'default-server'
2024-12-10 10:46:48,173 INFO  [org.jboss.as.server.deployment] (MSC service thread 1-6) WFLYSRV0028: Stopped deployment ROOT.war (runtime-name: ROOT.war) in 83ms
2024-12-10 10:46:48,177 INFO  [org.jboss.as.server.deployment] (MSC service thread 1-7) WFLYSRV0027: Starting deployment of "ROOT.war" (runtime-name: "ROOT.war")
2024-12-10 10:46:49,100 WARN  [org.jboss.weld.deployer] (MSC service thread 1-7) WFLYWELD0018: Found both WEB-INF/beans.xml and WEB-INF/classes/META-INF/beans.xml. It is not portable to use both locations at the same time. Weld is going to use the former location for this deployment.
2024-12-10 10:46:49,149 INFO  [org.jboss.weld.deployer] (MSC service thread 1-6) WFLYWELD0003: Processing weld deployment ROOT.war
2024-12-10 10:46:52,118 INFO  [org.eclipse.jnosql.mapping.document.spi.DocumentExtension] (MSC service thread 1-1) Processing Document extension: 0 databases crud 1 found
2024-12-10 10:46:52,118 INFO  [org.eclipse.jnosql.mapping.document.spi.DocumentExtension] (MSC service thread 1-1) Processing repositories as a Document implementation: [interface tn.supcom.appsec.repositories.UserRepository]
2024-12-10 10:46:52,183 INFO  [org.wildfly.security.soteria.original.SamRegistrationInstaller] (ServerService Thread Pool -- 65) Initializing Soteria 3.0.3.Final for context ''
2024-12-10 10:46:52,194 INFO  [org.jboss.resteasy.resteasy_jaxrs.i18n] (ServerService Thread Pool -- 65) RESTEASY002225: Deploying jakarta.ws.rs.core.Application: class tn.supcom.appsec.JaxRSActivator
2024-12-10 10:46:52,203 INFO  [org.wildfly.extension.undertow] (ServerService Thread Pool -- 65) WFLYUT0021: Registered web context: '/' for server 'default-server'
2024-12-10 10:46:52,225 INFO  [org.jboss.as.server] (management-handler-thread - 1) WFLYSRV0013: Redeployed "ROOT.war"
2024-12-10 10:46:52,271 INFO  [org.wildfly.extension.undertow] (ServerService Thread Pool -- 65) WFLYUT0022: Unregistered web context: '/' from server 'default-server'
2024-12-10 10:46:52,366 INFO  [org.jboss.as.server.deployment] (MSC service thread 1-6) WFLYSRV0028: Stopped deployment ROOT.war (runtime-name: ROOT.war) in 95ms
2024-12-10 10:46:52,368 INFO  [org.jboss.as.server.deployment] (MSC service thread 1-6) WFLYSRV0027: Starting deployment of "ROOT.war" (runtime-name: "ROOT.war")
2024-12-10 10:46:53,244 WARN  [org.jboss.weld.deployer] (MSC service thread 1-7) WFLYWELD0018: Found both WEB-INF/beans.xml and WEB-INF/classes/META-INF/beans.xml. It is not portable to use both locations at the same time. Weld is going to use the former location for this deployment.
2024-12-10 10:46:53,311 INFO  [org.jboss.weld.deployer] (MSC service thread 1-7) WFLYWELD0003: Processing weld deployment ROOT.war
2024-12-10 10:46:56,421 INFO  [org.eclipse.jnosql.mapping.document.spi.DocumentExtension] (MSC service thread 1-5) Processing Document extension: 0 databases crud 1 found
2024-12-10 10:46:56,422 INFO  [org.eclipse.jnosql.mapping.document.spi.DocumentExtension] (MSC service thread 1-5) Processing repositories as a Document implementation: [interface tn.supcom.appsec.repositories.UserRepository]
2024-12-10 10:46:56,486 INFO  [org.wildfly.security.soteria.original.SamRegistrationInstaller] (ServerService Thread Pool -- 65) Initializing Soteria 3.0.3.Final for context ''
2024-12-10 10:46:56,497 INFO  [org.jboss.resteasy.resteasy_jaxrs.i18n] (ServerService Thread Pool -- 65) RESTEASY002225: Deploying jakarta.ws.rs.core.Application: class tn.supcom.appsec.JaxRSActivator
2024-12-10 10:46:56,507 INFO  [org.wildfly.extension.undertow] (ServerService Thread Pool -- 65) WFLYUT0021: Registered web context: '/' for server 'default-server'
2024-12-10 10:46:56,532 INFO  [org.jboss.as.server] (management-handler-thread - 1) WFLYSRV0013: Redeployed "ROOT.war"
2024-12-10 10:46:56,542 INFO  [org.wildfly.extension.undertow] (ServerService Thread Pool -- 65) WFLYUT0022: Unregistered web context: '/' from server 'default-server'
2024-12-10 10:46:56,626 INFO  [org.jboss.as.server.deployment] (MSC service thread 1-1) WFLYSRV0028: Stopped deployment ROOT.war (runtime-name: ROOT.war) in 85ms
2024-12-10 10:46:56,642 INFO  [org.jboss.as.server] (management-handler-thread - 1) WFLYSRV0009: Undeployed "ROOT.war" (runtime-name: "ROOT.war")
2024-12-10 10:46:56,968 INFO  [org.jboss.as.server.deployment] (MSC service thread 1-1) WFLYSRV0027: Starting deployment of "ROOT.war" (runtime-name: "ROOT.war")
2024-12-10 10:47:02,143 WARN  [org.jboss.weld.deployer] (MSC service thread 1-1) WFLYWELD0018: Found both WEB-INF/beans.xml and WEB-INF/classes/META-INF/beans.xml. It is not portable to use both locations at the same time. Weld is going to use the former location for this deployment.
2024-12-10 10:47:02,191 INFO  [org.jboss.weld.deployer] (MSC service thread 1-5) WFLYWELD0003: Processing weld deployment ROOT.war
2024-12-10 10:47:05,247 INFO  [org.eclipse.jnosql.mapping.document.spi.DocumentExtension] (MSC service thread 1-6) Processing Document extension: 0 databases crud 1 found
2024-12-10 10:47:05,249 INFO  [org.eclipse.jnosql.mapping.document.spi.DocumentExtension] (MSC service thread 1-6) Processing repositories as a Document implementation: [interface tn.supcom.appsec.repositories.UserRepository]
2024-12-10 10:47:05,307 INFO  [org.wildfly.security.soteria.original.SamRegistrationInstaller] (ServerService Thread Pool -- 67) Initializing Soteria 3.0.3.Final for context ''
2024-12-10 10:47:05,319 INFO  [org.jboss.resteasy.resteasy_jaxrs.i18n] (ServerService Thread Pool -- 67) RESTEASY002225: Deploying jakarta.ws.rs.core.Application: class tn.supcom.appsec.JaxRSActivator
2024-12-10 10:47:05,330 INFO  [org.wildfly.extension.undertow] (ServerService Thread Pool -- 67) WFLYUT0021: Registered web context: '/' for server 'default-server'
2024-12-10 10:47:05,387 INFO  [org.jboss.as.server] (management-handler-thread - 1) WFLYSRV0010: Deployed "ROOT.war" (runtime-name : "ROOT.war")
2024-12-10 10:47:34,055 INFO  [org.mongodb.driver.client] (default task-1) MongoClient with metadata {"driver": {"name": "mongo-java-driver|sync", "version": "4.11.1"}, "os": {"type": "Windows", "name": "Windows 11", "architecture": "amd64", "version": "10.0"}, "platform": "Java/Oracle Corporation/21.0.4+8-LTS-274"} created with settings MongoClientSettings{readPreference=primary, writeConcern=WriteConcern{w=null, wTimeout=null ms, journal=null}, retryWrites=true, retryReads=true, readConcern=ReadConcern{level=null}, credential=null, transportSettings=null, streamFactoryFactory=null, commandListeners=[], codecRegistry=ProvidersCodecRegistry{codecProviders=[ValueCodecProvider{}, BsonValueCodecProvider{}, DBRefCodecProvider{}, DBObjectCodecProvider{}, DocumentCodecProvider{}, CollectionCodecProvider{}, IterableCodecProvider{}, MapCodecProvider{}, GeoJsonCodecProvider{}, GridFSFileCodecProvider{}, Jsr310CodecProvider{}, JsonObjectCodecProvider{}, BsonCodecProvider{}, EnumCodecProvider{}, com.mongodb.client.model.mql.ExpressionCodecProvider@570c9afd, com.mongodb.Jep395RecordCodecProvider@3a0942ba, com.mongodb.KotlinCodecProvider@7b15a3ec]}, loggerSettings=LoggerSettings{maxDocumentLength=1000}, clusterSettings={hosts=[localhost:27017], srvServiceName=mongodb, mode=SINGLE, requiredClusterType=UNKNOWN, requiredReplicaSetName='null', serverSelector='null', clusterListeners='[]', serverSelectionTimeout='30000 ms', localThreshold='15 ms'}, socketSettings=SocketSettings{connectTimeoutMS=10000, readTimeoutMS=0, receiveBufferSize=0, proxySettings=ProxySettings{host=null, port=null, username=null, password=null}}, heartbeatSocketSettings=SocketSettings{connectTimeoutMS=10000, readTimeoutMS=10000, receiveBufferSize=0, proxySettings=ProxySettings{host=null, port=null, username=null, password=null}}, connectionPoolSettings=ConnectionPoolSettings{maxSize=100, minSize=0, maxWaitTimeMS=120000, maxConnectionLifeTimeMS=0, maxConnectionIdleTimeMS=0, maintenanceInitialDelayMS=0, maintenanceFrequencyMS=60000, connectionPoolListeners=[], maxConnecting=2}, serverSettings=ServerSettings{heartbeatFrequencyMS=10000, minHeartbeatFrequencyMS=500, serverListeners='[]', serverMonitorListeners='[]'}, sslSettings=SslSettings{enabled=false, invalidHostNameAllowed=false, context=null}, applicationName='null', compressorList=[], uuidRepresentation=UNSPECIFIED, serverApi=null, autoEncryptionSettings=null, dnsClient=null, inetAddressResolver=null, contextProvider=null}
2024-12-10 10:47:34,107 INFO  [org.mongodb.driver.cluster] (cluster-ClusterId{value='67580e35ab4fdd4098a6fb93', description='null'}-localhost:27017) Monitor thread successfully connected to server with description ServerDescription{address=localhost:27017, type=STANDALONE, state=CONNECTED, ok=true, minWireVersion=0, maxWireVersion=21, maxDocumentSize=16777216, logicalSessionTimeoutMinutes=30, roundTripTimeNanos=63639200}
2024-12-10 10:47:34,107 INFO  [org.mongodb.driver.cluster] (default task-1) No server chosen by ReadPreferenceServerSelector{readPreference=primary} from cluster description ClusterDescription{type=UNKNOWN, connectionMode=SINGLE, serverDescriptions=[ServerDescription{address=localhost:27017, type=UNKNOWN, state=CONNECTING}]}. Waiting for 30000 ms before timing out
2024-12-10 10:47:34,135 ERROR [org.jboss.resteasy.core.providerfactory.DefaultExceptionMapper] (default task-1) RESTEASY002375: Error processing request POST /api/authenticate - tn.supcom.appsec.boundaries.SignInEndpoint.signIn: java.util.NoSuchElementException: No value present
	at java.base/java.util.Optional.orElseThrow(Optional.java:377)
	at deployment.ROOT.war//tn.supcom.appsec.controllers.UserManager.authenticate(UserManager.java:24)
	at deployment.ROOT.war//tn.supcom.appsec.controllers.UserManager$Proxy$_$$_WeldClientProxy.authenticate(Unknown Source)
	at deployment.ROOT.war//tn.supcom.appsec.boundaries.SignInEndpoint.signIn(SignInEndpoint.java:109)
	at deployment.ROOT.war//tn.supcom.appsec.boundaries.SignInEndpoint$Proxy$_$$_WeldClientProxy.signIn(Unknown Source)
	at java.base/jdk.internal.reflect.DirectMethodHandleAccessor.invoke(DirectMethodHandleAccessor.java:103)
	at java.base/java.lang.reflect.Method.invoke(Method.java:580)
	at org.jboss.resteasy.resteasy-core@6.2.10.Final//org.jboss.resteasy.core.MethodInjectorImpl.invoke(MethodInjectorImpl.java:154)
	at org.jboss.resteasy.resteasy-core@6.2.10.Final//org.jboss.resteasy.core.MethodInjectorImpl.invoke(MethodInjectorImpl.java:118)
	at org.jboss.resteasy.resteasy-core@6.2.10.Final//org.jboss.resteasy.core.ResourceMethodInvoker.internalInvokeOnTarget(ResourceMethodInvoker.java:560)
	at org.jboss.resteasy.resteasy-core@6.2.10.Final//org.jboss.resteasy.core.ResourceMethodInvoker.invokeOnTargetAfterFilter(ResourceMethodInvoker.java:452)
	at org.jboss.resteasy.resteasy-core@6.2.10.Final//org.jboss.resteasy.core.ResourceMethodInvoker.lambda$invokeOnTarget$2(ResourceMethodInvoker.java:413)
	at org.jboss.resteasy.resteasy-core@6.2.10.Final//org.jboss.resteasy.core.interception.jaxrs.PreMatchContainerRequestContext.filter(PreMatchContainerRequestContext.java:321)
	at org.jboss.resteasy.resteasy-core@6.2.10.Final//org.jboss.resteasy.core.ResourceMethodInvoker.invokeOnTarget(ResourceMethodInvoker.java:415)
	at org.jboss.resteasy.resteasy-core@6.2.10.Final//org.jboss.resteasy.core.ResourceMethodInvoker.invoke(ResourceMethodInvoker.java:378)
	at org.jboss.resteasy.resteasy-core@6.2.10.Final//org.jboss.resteasy.core.ResourceMethodInvoker.invoke(ResourceMethodInvoker.java:356)
	at org.jboss.resteasy.resteasy-core@6.2.10.Final//org.jboss.resteasy.core.ResourceMethodInvoker.invoke(ResourceMethodInvoker.java:70)
	at org.jboss.resteasy.resteasy-core@6.2.10.Final//org.jboss.resteasy.core.SynchronousDispatcher.invoke(SynchronousDispatcher.java:429)
	at org.jboss.resteasy.resteasy-core@6.2.10.Final//org.jboss.resteasy.core.SynchronousDispatcher.lambda$invoke$4(SynchronousDispatcher.java:240)
	at org.jboss.resteasy.resteasy-core@6.2.10.Final//org.jboss.resteasy.core.SynchronousDispatcher.lambda$preprocess$0(SynchronousDispatcher.java:154)
	at org.jboss.resteasy.resteasy-core@6.2.10.Final//org.jboss.resteasy.core.interception.jaxrs.PreMatchContainerRequestContext.filter(PreMatchContainerRequestContext.java:321)
	at org.jboss.resteasy.resteasy-core@6.2.10.Final//org.jboss.resteasy.core.SynchronousDispatcher.preprocess(SynchronousDispatcher.java:157)
	at org.jboss.resteasy.resteasy-core@6.2.10.Final//org.jboss.resteasy.core.SynchronousDispatcher.invoke(SynchronousDispatcher.java:229)
	at org.jboss.resteasy.resteasy-core@6.2.10.Final//org.jboss.resteasy.plugins.server.servlet.ServletContainerDispatcher.service(ServletContainerDispatcher.java:222)
	at org.jboss.resteasy.resteasy-core@6.2.10.Final//org.jboss.resteasy.plugins.server.servlet.HttpServletDispatcher.service(HttpServletDispatcher.java:55)
	at org.jboss.resteasy.resteasy-core@6.2.10.Final//org.jboss.resteasy.plugins.server.servlet.HttpServletDispatcher.service(HttpServletDispatcher.java:51)
	at jakarta.servlet.api@6.0.0//jakarta.servlet.http.HttpServlet.service(HttpServlet.java:614)
	at io.undertow.servlet@2.3.18.Final//io.undertow.servlet.handlers.ServletHandler.handleRequest(ServletHandler.java:74)
	at io.undertow.servlet@2.3.18.Final//io.undertow.servlet.handlers.security.ServletSecurityRoleHandler.handleRequest(ServletSecurityRoleHandler.java:62)
	at io.undertow.servlet@2.3.18.Final//io.undertow.servlet.handlers.ServletChain$1.handleRequest(ServletChain.java:68)
	at io.undertow.servlet@2.3.18.Final//io.undertow.servlet.handlers.ServletDispatchingHandler.handleRequest(ServletDispatchingHandler.java:36)
	at org.wildfly.security.elytron-web.undertow-server@4.1.0.Final//org.wildfly.elytron.web.undertow.server.ElytronRunAsHandler.lambda$handleRequest$1(ElytronRunAsHandler.java:68)
	at org.wildfly.security.elytron-base@2.6.0.Final//org.wildfly.security.auth.server.FlexibleIdentityAssociation.runAsFunctionEx(FlexibleIdentityAssociation.java:103)
	at org.wildfly.security.elytron-base@2.6.0.Final//org.wildfly.security.auth.server.Scoped.runAsFunctionEx(Scoped.java:161)
	at org.wildfly.security.elytron-base@2.6.0.Final//org.wildfly.security.auth.server.Scoped.runAs(Scoped.java:73)
	at org.wildfly.security.elytron-web.undertow-server@4.1.0.Final//org.wildfly.elytron.web.undertow.server.ElytronRunAsHandler.handleRequest(ElytronRunAsHandler.java:67)
	at io.undertow.servlet@2.3.18.Final//io.undertow.servlet.handlers.RedirectDirHandler.handleRequest(RedirectDirHandler.java:68)
	at io.undertow.servlet@2.3.18.Final//io.undertow.servlet.handlers.security.SSLInformationAssociationHandler.handleRequest(SSLInformationAssociationHandler.java:117)
	at io.undertow.servlet@2.3.18.Final//io.undertow.servlet.handlers.security.ServletAuthenticationCallHandler.handleRequest(ServletAuthenticationCallHandler.java:57)
	at io.undertow.core@2.3.18.Final//io.undertow.server.handlers.PredicateHandler.handleRequest(PredicateHandler.java:43)
	at io.undertow.core@2.3.18.Final//io.undertow.security.handlers.AbstractConfidentialityHandler.handleRequest(AbstractConfidentialityHandler.java:46)
	at io.undertow.servlet@2.3.18.Final//io.undertow.servlet.handlers.security.ServletConfidentialityConstraintHandler.handleRequest(ServletConfidentialityConstraintHandler.java:64)
	at io.undertow.core@2.3.18.Final//io.undertow.security.handlers.AbstractSecurityContextAssociationHandler.handleRequest(AbstractSecurityContextAssociationHandler.java:43)
	at org.wildfly.security.elytron-web.undertow-server-servlet@4.1.0.Final//org.wildfly.elytron.web.undertow.server.servlet.CleanUpHandler.handleRequest(CleanUpHandler.java:38)
	at io.undertow.core@2.3.18.Final//io.undertow.server.handlers.PredicateHandler.handleRequest(PredicateHandler.java:43)
	at org.wildfly.extension.undertow@34.0.0.Final//org.wildfly.extension.undertow.security.jacc.JACCContextIdHandler.handleRequest(JACCContextIdHandler.java:44)
	at io.undertow.core@2.3.18.Final//io.undertow.server.handlers.PredicateHandler.handleRequest(PredicateHandler.java:43)
	at org.wildfly.extension.undertow@34.0.0.Final//org.wildfly.extension.undertow.deployment.GlobalRequestControllerHandler.handleRequest(GlobalRequestControllerHandler.java:51)
	at io.undertow.servlet@2.3.18.Final//io.undertow.servlet.handlers.SendErrorPageHandler.handleRequest(SendErrorPageHandler.java:52)
	at io.undertow.core@2.3.18.Final//io.undertow.server.handlers.PredicateHandler.handleRequest(PredicateHandler.java:43)
	at io.undertow.servlet@2.3.18.Final//io.undertow.servlet.handlers.ServletInitialHandler.handleFirstRequest(ServletInitialHandler.java:276)
	at io.undertow.servlet@2.3.18.Final//io.undertow.servlet.handlers.ServletInitialHandler$2.call(ServletInitialHandler.java:135)
	at io.undertow.servlet@2.3.18.Final//io.undertow.servlet.handlers.ServletInitialHandler$2.call(ServletInitialHandler.java:132)
	at io.undertow.servlet@2.3.18.Final//io.undertow.servlet.core.ServletRequestContextThreadSetupAction$1.call(ServletRequestContextThreadSetupAction.java:48)
	at io.undertow.servlet@2.3.18.Final//io.undertow.servlet.core.ContextClassLoaderSetupAction$1.call(ContextClassLoaderSetupAction.java:43)
	at org.wildfly.extension.undertow@34.0.0.Final//org.wildfly.extension.undertow.deployment.UndertowDeploymentInfoService$UndertowThreadSetupAction.lambda$create$0(UndertowDeploymentInfoService.java:1421)
	at org.wildfly.extension.undertow@34.0.0.Final//org.wildfly.extension.undertow.deployment.UndertowDeploymentInfoService$UndertowThreadSetupAction.lambda$create$0(UndertowDeploymentInfoService.java:1421)
	at org.wildfly.extension.undertow@34.0.0.Final//org.wildfly.extension.undertow.deployment.UndertowDeploymentInfoService$UndertowThreadSetupAction.lambda$create$0(UndertowDeploymentInfoService.java:1421)
	at org.wildfly.extension.undertow@34.0.0.Final//org.wildfly.extension.undertow.deployment.UndertowDeploymentInfoService$UndertowThreadSetupAction.lambda$create$0(UndertowDeploymentInfoService.java:1421)
	at io.undertow.servlet@2.3.18.Final//io.undertow.servlet.handlers.ServletInitialHandler.dispatchRequest(ServletInitialHandler.java:256)
	at io.undertow.servlet@2.3.18.Final//io.undertow.servlet.handlers.ServletInitialHandler$1.handleRequest(ServletInitialHandler.java:101)
	at io.undertow.core@2.3.18.Final//io.undertow.server.Connectors.executeRootHandler(Connectors.java:395)
	at io.undertow.core@2.3.18.Final//io.undertow.server.HttpServerExchange$1.run(HttpServerExchange.java:861)
	at org.jboss.threads@2.4.0.Final//org.jboss.threads.ContextClassLoaderSavingRunnable.run(ContextClassLoaderSavingRunnable.java:35)
	at org.jboss.threads@2.4.0.Final//org.jboss.threads.EnhancedQueueExecutor.safeRun(EnhancedQueueExecutor.java:1990)
	at org.jboss.threads@2.4.0.Final//org.jboss.threads.EnhancedQueueExecutor$ThreadBody.doRunTask(EnhancedQueueExecutor.java:1486)
	at org.jboss.threads@2.4.0.Final//org.jboss.threads.EnhancedQueueExecutor$ThreadBody.run(EnhancedQueueExecutor.java:1377)
	at org.jboss.xnio@3.8.16.Final//org.xnio.XnioWorker$WorkerThreadFactory$1$1.run(XnioWorker.java:1282)
	at java.base/java.lang.Thread.run(Thread.java:1583)

2024-12-10 10:47:45,335 ERROR [org.jboss.resteasy.core.providerfactory.DefaultExceptionMapper] (default task-1) RESTEASY002375: Error processing request POST /api/authenticate - tn.supcom.appsec.boundaries.SignInEndpoint.signIn: java.util.NoSuchElementException: No value present
	at java.base/java.util.Optional.orElseThrow(Optional.java:377)
	at deployment.ROOT.war//tn.supcom.appsec.controllers.UserManager.authenticate(UserManager.java:24)
	at deployment.ROOT.war//tn.supcom.appsec.controllers.UserManager$Proxy$_$$_WeldClientProxy.authenticate(Unknown Source)
	at deployment.ROOT.war//tn.supcom.appsec.boundaries.SignInEndpoint.signIn(SignInEndpoint.java:109)
	at deployment.ROOT.war//tn.supcom.appsec.boundaries.SignInEndpoint$Proxy$_$$_WeldClientProxy.signIn(Unknown Source)
	at java.base/jdk.internal.reflect.DirectMethodHandleAccessor.invoke(DirectMethodHandleAccessor.java:103)
	at java.base/java.lang.reflect.Method.invoke(Method.java:580)
	at org.jboss.resteasy.resteasy-core@6.2.10.Final//org.jboss.resteasy.core.MethodInjectorImpl.invoke(MethodInjectorImpl.java:154)
	at org.jboss.resteasy.resteasy-core@6.2.10.Final//org.jboss.resteasy.core.MethodInjectorImpl.invoke(MethodInjectorImpl.java:118)
	at org.jboss.resteasy.resteasy-core@6.2.10.Final//org.jboss.resteasy.core.ResourceMethodInvoker.internalInvokeOnTarget(ResourceMethodInvoker.java:560)
	at org.jboss.resteasy.resteasy-core@6.2.10.Final//org.jboss.resteasy.core.ResourceMethodInvoker.invokeOnTargetAfterFilter(ResourceMethodInvoker.java:452)
	at org.jboss.resteasy.resteasy-core@6.2.10.Final//org.jboss.resteasy.core.ResourceMethodInvoker.lambda$invokeOnTarget$2(ResourceMethodInvoker.java:413)
	at org.jboss.resteasy.resteasy-core@6.2.10.Final//org.jboss.resteasy.core.interception.jaxrs.PreMatchContainerRequestContext.filter(PreMatchContainerRequestContext.java:321)
	at org.jboss.resteasy.resteasy-core@6.2.10.Final//org.jboss.resteasy.core.ResourceMethodInvoker.invokeOnTarget(ResourceMethodInvoker.java:415)
	at org.jboss.resteasy.resteasy-core@6.2.10.Final//org.jboss.resteasy.core.ResourceMethodInvoker.invoke(ResourceMethodInvoker.java:378)
	at org.jboss.resteasy.resteasy-core@6.2.10.Final//org.jboss.resteasy.core.ResourceMethodInvoker.invoke(ResourceMethodInvoker.java:356)
	at org.jboss.resteasy.resteasy-core@6.2.10.Final//org.jboss.resteasy.core.ResourceMethodInvoker.invoke(ResourceMethodInvoker.java:70)
	at org.jboss.resteasy.resteasy-core@6.2.10.Final//org.jboss.resteasy.core.SynchronousDispatcher.invoke(SynchronousDispatcher.java:429)
	at org.jboss.resteasy.resteasy-core@6.2.10.Final//org.jboss.resteasy.core.SynchronousDispatcher.lambda$invoke$4(SynchronousDispatcher.java:240)
	at org.jboss.resteasy.resteasy-core@6.2.10.Final//org.jboss.resteasy.core.SynchronousDispatcher.lambda$preprocess$0(SynchronousDispatcher.java:154)
	at org.jboss.resteasy.resteasy-core@6.2.10.Final//org.jboss.resteasy.core.interception.jaxrs.PreMatchContainerRequestContext.filter(PreMatchContainerRequestContext.java:321)
	at org.jboss.resteasy.resteasy-core@6.2.10.Final//org.jboss.resteasy.core.SynchronousDispatcher.preprocess(SynchronousDispatcher.java:157)
	at org.jboss.resteasy.resteasy-core@6.2.10.Final//org.jboss.resteasy.core.SynchronousDispatcher.invoke(SynchronousDispatcher.java:229)
	at org.jboss.resteasy.resteasy-core@6.2.10.Final//org.jboss.resteasy.plugins.server.servlet.ServletContainerDispatcher.service(ServletContainerDispatcher.java:222)
	at org.jboss.resteasy.resteasy-core@6.2.10.Final//org.jboss.resteasy.plugins.server.servlet.HttpServletDispatcher.service(HttpServletDispatcher.java:55)
	at org.jboss.resteasy.resteasy-core@6.2.10.Final//org.jboss.resteasy.plugins.server.servlet.HttpServletDispatcher.service(HttpServletDispatcher.java:51)
	at jakarta.servlet.api@6.0.0//jakarta.servlet.http.HttpServlet.service(HttpServlet.java:614)
	at io.undertow.servlet@2.3.18.Final//io.undertow.servlet.handlers.ServletHandler.handleRequest(ServletHandler.java:74)
	at io.undertow.servlet@2.3.18.Final//io.undertow.servlet.handlers.security.ServletSecurityRoleHandler.handleRequest(ServletSecurityRoleHandler.java:62)
	at io.undertow.servlet@2.3.18.Final//io.undertow.servlet.handlers.ServletChain$1.handleRequest(ServletChain.java:68)
	at io.undertow.servlet@2.3.18.Final//io.undertow.servlet.handlers.ServletDispatchingHandler.handleRequest(ServletDispatchingHandler.java:36)
	at org.wildfly.security.elytron-web.undertow-server@4.1.0.Final//org.wildfly.elytron.web.undertow.server.ElytronRunAsHandler.lambda$handleRequest$1(ElytronRunAsHandler.java:68)
	at org.wildfly.security.elytron-base@2.6.0.Final//org.wildfly.security.auth.server.FlexibleIdentityAssociation.runAsFunctionEx(FlexibleIdentityAssociation.java:103)
	at org.wildfly.security.elytron-base@2.6.0.Final//org.wildfly.security.auth.server.Scoped.runAsFunctionEx(Scoped.java:161)
	at org.wildfly.security.elytron-base@2.6.0.Final//org.wildfly.security.auth.server.Scoped.runAs(Scoped.java:73)
	at org.wildfly.security.elytron-web.undertow-server@4.1.0.Final//org.wildfly.elytron.web.undertow.server.ElytronRunAsHandler.handleRequest(ElytronRunAsHandler.java:67)
	at io.undertow.servlet@2.3.18.Final//io.undertow.servlet.handlers.RedirectDirHandler.handleRequest(RedirectDirHandler.java:68)
	at io.undertow.servlet@2.3.18.Final//io.undertow.servlet.handlers.security.SSLInformationAssociationHandler.handleRequest(SSLInformationAssociationHandler.java:117)
	at io.undertow.servlet@2.3.18.Final//io.undertow.servlet.handlers.security.ServletAuthenticationCallHandler.handleRequest(ServletAuthenticationCallHandler.java:57)
	at io.undertow.core@2.3.18.Final//io.undertow.server.handlers.PredicateHandler.handleRequest(PredicateHandler.java:43)
	at io.undertow.core@2.3.18.Final//io.undertow.security.handlers.AbstractConfidentialityHandler.handleRequest(AbstractConfidentialityHandler.java:46)
	at io.undertow.servlet@2.3.18.Final//io.undertow.servlet.handlers.security.ServletConfidentialityConstraintHandler.handleRequest(ServletConfidentialityConstraintHandler.java:64)
	at io.undertow.core@2.3.18.Final//io.undertow.security.handlers.AbstractSecurityContextAssociationHandler.handleRequest(AbstractSecurityContextAssociationHandler.java:43)
	at org.wildfly.security.elytron-web.undertow-server-servlet@4.1.0.Final//org.wildfly.elytron.web.undertow.server.servlet.CleanUpHandler.handleRequest(CleanUpHandler.java:38)
	at io.undertow.core@2.3.18.Final//io.undertow.server.handlers.PredicateHandler.handleRequest(PredicateHandler.java:43)
	at org.wildfly.extension.undertow@34.0.0.Final//org.wildfly.extension.undertow.security.jacc.JACCContextIdHandler.handleRequest(JACCContextIdHandler.java:44)
	at io.undertow.core@2.3.18.Final//io.undertow.server.handlers.PredicateHandler.handleRequest(PredicateHandler.java:43)
	at org.wildfly.extension.undertow@34.0.0.Final//org.wildfly.extension.undertow.deployment.GlobalRequestControllerHandler.handleRequest(GlobalRequestControllerHandler.java:51)
	at io.undertow.servlet@2.3.18.Final//io.undertow.servlet.handlers.SendErrorPageHandler.handleRequest(SendErrorPageHandler.java:52)
	at io.undertow.core@2.3.18.Final//io.undertow.server.handlers.PredicateHandler.handleRequest(PredicateHandler.java:43)
	at io.undertow.servlet@2.3.18.Final//io.undertow.servlet.handlers.ServletInitialHandler.handleFirstRequest(ServletInitialHandler.java:276)
	at io.undertow.servlet@2.3.18.Final//io.undertow.servlet.handlers.ServletInitialHandler$2.call(ServletInitialHandler.java:135)
	at io.undertow.servlet@2.3.18.Final//io.undertow.servlet.handlers.ServletInitialHandler$2.call(ServletInitialHandler.java:132)
	at io.undertow.servlet@2.3.18.Final//io.undertow.servlet.core.ServletRequestContextThreadSetupAction$1.call(ServletRequestContextThreadSetupAction.java:48)
	at io.undertow.servlet@2.3.18.Final//io.undertow.servlet.core.ContextClassLoaderSetupAction$1.call(ContextClassLoaderSetupAction.java:43)
	at org.wildfly.extension.undertow@34.0.0.Final//org.wildfly.extension.undertow.deployment.UndertowDeploymentInfoService$UndertowThreadSetupAction.lambda$create$0(UndertowDeploymentInfoService.java:1421)
	at org.wildfly.extension.undertow@34.0.0.Final//org.wildfly.extension.undertow.deployment.UndertowDeploymentInfoService$UndertowThreadSetupAction.lambda$create$0(UndertowDeploymentInfoService.java:1421)
	at org.wildfly.extension.undertow@34.0.0.Final//org.wildfly.extension.undertow.deployment.UndertowDeploymentInfoService$UndertowThreadSetupAction.lambda$create$0(UndertowDeploymentInfoService.java:1421)
	at org.wildfly.extension.undertow@34.0.0.Final//org.wildfly.extension.undertow.deployment.UndertowDeploymentInfoService$UndertowThreadSetupAction.lambda$create$0(UndertowDeploymentInfoService.java:1421)
	at io.undertow.servlet@2.3.18.Final//io.undertow.servlet.handlers.ServletInitialHandler.dispatchRequest(ServletInitialHandler.java:256)
	at io.undertow.servlet@2.3.18.Final//io.undertow.servlet.handlers.ServletInitialHandler$1.handleRequest(ServletInitialHandler.java:101)
	at io.undertow.core@2.3.18.Final//io.undertow.server.Connectors.executeRootHandler(Connectors.java:395)
	at io.undertow.core@2.3.18.Final//io.undertow.server.HttpServerExchange$1.run(HttpServerExchange.java:861)
	at org.jboss.threads@2.4.0.Final//org.jboss.threads.ContextClassLoaderSavingRunnable.run(ContextClassLoaderSavingRunnable.java:35)
	at org.jboss.threads@2.4.0.Final//org.jboss.threads.EnhancedQueueExecutor.safeRun(EnhancedQueueExecutor.java:1990)
	at org.jboss.threads@2.4.0.Final//org.jboss.threads.EnhancedQueueExecutor$ThreadBody.doRunTask(EnhancedQueueExecutor.java:1486)
	at org.jboss.threads@2.4.0.Final//org.jboss.threads.EnhancedQueueExecutor$ThreadBody.run(EnhancedQueueExecutor.java:1377)
	at org.jboss.xnio@3.8.16.Final//org.xnio.XnioWorker$WorkerThreadFactory$1$1.run(XnioWorker.java:1282)
	at java.base/java.lang.Thread.run(Thread.java:1583)

2024-12-10 10:49:33,526 INFO  [org.wildfly.extension.undertow] (ServerService Thread Pool -- 67) WFLYUT0022: Unregistered web context: '/' from server 'default-server'
2024-12-10 10:49:33,614 INFO  [org.jboss.as.server.deployment] (MSC service thread 1-1) WFLYSRV0028: Stopped deployment ROOT.war (runtime-name: ROOT.war) in 88ms
2024-12-10 10:49:33,616 INFO  [org.jboss.as.server.deployment] (MSC service thread 1-2) WFLYSRV0027: Starting deployment of "ROOT.war" (runtime-name: "ROOT.war")
2024-12-10 10:49:34,657 WARN  [org.jboss.weld.deployer] (MSC service thread 1-7) WFLYWELD0018: Found both WEB-INF/beans.xml and WEB-INF/classes/META-INF/beans.xml. It is not portable to use both locations at the same time. Weld is going to use the former location for this deployment.
2024-12-10 10:49:34,761 INFO  [org.jboss.weld.deployer] (MSC service thread 1-4) WFLYWELD0003: Processing weld deployment ROOT.war
2024-12-10 10:49:37,798 INFO  [org.eclipse.jnosql.mapping.document.spi.DocumentExtension] (MSC service thread 1-8) Processing Document extension: 0 databases crud 1 found
2024-12-10 10:49:37,800 INFO  [org.eclipse.jnosql.mapping.document.spi.DocumentExtension] (MSC service thread 1-8) Processing repositories as a Document implementation: [interface tn.supcom.appsec.repositories.UserRepository]
2024-12-10 10:49:37,860 INFO  [org.wildfly.security.soteria.original.SamRegistrationInstaller] (ServerService Thread Pool -- 71) Initializing Soteria 3.0.3.Final for context ''
2024-12-10 10:49:37,873 INFO  [org.jboss.resteasy.resteasy_jaxrs.i18n] (ServerService Thread Pool -- 71) RESTEASY002225: Deploying jakarta.ws.rs.core.Application: class tn.supcom.appsec.JaxRSActivator
2024-12-10 10:49:37,887 INFO  [org.wildfly.extension.undertow] (ServerService Thread Pool -- 71) WFLYUT0021: Registered web context: '/' for server 'default-server'
2024-12-10 10:49:37,906 INFO  [org.jboss.as.server] (management-handler-thread - 1) WFLYSRV0013: Redeployed "ROOT.war"
2024-12-10 10:49:37,961 INFO  [org.wildfly.extension.undertow] (ServerService Thread Pool -- 71) WFLYUT0022: Unregistered web context: '/' from server 'default-server'
2024-12-10 10:49:38,050 INFO  [org.jboss.as.server.deployment] (MSC service thread 1-1) WFLYSRV0028: Stopped deployment ROOT.war (runtime-name: ROOT.war) in 88ms
2024-12-10 10:49:38,051 INFO  [org.jboss.as.server.deployment] (MSC service thread 1-4) WFLYSRV0027: Starting deployment of "ROOT.war" (runtime-name: "ROOT.war")
2024-12-10 10:49:39,066 WARN  [org.jboss.weld.deployer] (MSC service thread 1-7) WFLYWELD0018: Found both WEB-INF/beans.xml and WEB-INF/classes/META-INF/beans.xml. It is not portable to use both locations at the same time. Weld is going to use the former location for this deployment.
2024-12-10 10:49:39,137 INFO  [org.jboss.weld.deployer] (MSC service thread 1-6) WFLYWELD0003: Processing weld deployment ROOT.war
2024-12-10 10:49:42,262 INFO  [org.eclipse.jnosql.mapping.document.spi.DocumentExtension] (MSC service thread 1-6) Processing Document extension: 0 databases crud 1 found
2024-12-10 10:49:42,263 INFO  [org.eclipse.jnosql.mapping.document.spi.DocumentExtension] (MSC service thread 1-6) Processing repositories as a Document implementation: [interface tn.supcom.appsec.repositories.UserRepository]
2024-12-10 10:49:42,339 INFO  [org.wildfly.security.soteria.original.SamRegistrationInstaller] (ServerService Thread Pool -- 70) Initializing Soteria 3.0.3.Final for context ''
2024-12-10 10:49:42,360 INFO  [org.jboss.resteasy.resteasy_jaxrs.i18n] (ServerService Thread Pool -- 70) RESTEASY002225: Deploying jakarta.ws.rs.core.Application: class tn.supcom.appsec.JaxRSActivator
2024-12-10 10:49:42,378 INFO  [org.wildfly.extension.undertow] (ServerService Thread Pool -- 70) WFLYUT0021: Registered web context: '/' for server 'default-server'
2024-12-10 10:49:42,406 INFO  [org.jboss.as.server] (management-handler-thread - 1) WFLYSRV0013: Redeployed "ROOT.war"
2024-12-10 10:49:42,463 INFO  [org.wildfly.extension.undertow] (ServerService Thread Pool -- 70) WFLYUT0022: Unregistered web context: '/' from server 'default-server'
2024-12-10 10:49:42,615 INFO  [org.jboss.as.server.deployment] (MSC service thread 1-3) WFLYSRV0028: Stopped deployment ROOT.war (runtime-name: ROOT.war) in 153ms
2024-12-10 10:49:42,617 INFO  [org.jboss.as.server.deployment] (MSC service thread 1-1) WFLYSRV0027: Starting deployment of "ROOT.war" (runtime-name: "ROOT.war")
2024-12-10 10:49:43,734 WARN  [org.jboss.weld.deployer] (MSC service thread 1-1) WFLYWELD0018: Found both WEB-INF/beans.xml and WEB-INF/classes/META-INF/beans.xml. It is not portable to use both locations at the same time. Weld is going to use the former location for this deployment.
2024-12-10 10:49:43,787 INFO  [org.jboss.weld.deployer] (MSC service thread 1-6) WFLYWELD0003: Processing weld deployment ROOT.war
2024-12-10 10:49:47,004 INFO  [org.eclipse.jnosql.mapping.document.spi.DocumentExtension] (MSC service thread 1-3) Processing Document extension: 0 databases crud 1 found
2024-12-10 10:49:47,005 INFO  [org.eclipse.jnosql.mapping.document.spi.DocumentExtension] (MSC service thread 1-3) Processing repositories as a Document implementation: [interface tn.supcom.appsec.repositories.UserRepository]
2024-12-10 10:49:47,083 INFO  [org.wildfly.security.soteria.original.SamRegistrationInstaller] (ServerService Thread Pool -- 70) Initializing Soteria 3.0.3.Final for context ''
2024-12-10 10:49:47,099 INFO  [org.jboss.resteasy.resteasy_jaxrs.i18n] (ServerService Thread Pool -- 70) RESTEASY002225: Deploying jakarta.ws.rs.core.Application: class tn.supcom.appsec.JaxRSActivator
2024-12-10 10:49:47,111 INFO  [org.wildfly.extension.undertow] (ServerService Thread Pool -- 70) WFLYUT0021: Registered web context: '/' for server 'default-server'
2024-12-10 10:49:47,133 INFO  [org.jboss.as.server] (management-handler-thread - 1) WFLYSRV0013: Redeployed "ROOT.war"
2024-12-10 10:49:47,187 INFO  [org.wildfly.extension.undertow] (ServerService Thread Pool -- 70) WFLYUT0022: Unregistered web context: '/' from server 'default-server'
2024-12-10 10:49:47,282 INFO  [org.jboss.as.server.deployment] (MSC service thread 1-2) WFLYSRV0028: Stopped deployment ROOT.war (runtime-name: ROOT.war) in 96ms
2024-12-10 10:49:47,284 INFO  [org.jboss.as.server.deployment] (MSC service thread 1-2) WFLYSRV0027: Starting deployment of "ROOT.war" (runtime-name: "ROOT.war")
2024-12-10 10:49:48,192 WARN  [org.jboss.weld.deployer] (MSC service thread 1-5) WFLYWELD0018: Found both WEB-INF/beans.xml and WEB-INF/classes/META-INF/beans.xml. It is not portable to use both locations at the same time. Weld is going to use the former location for this deployment.
2024-12-10 10:49:48,243 INFO  [org.jboss.weld.deployer] (MSC service thread 1-6) WFLYWELD0003: Processing weld deployment ROOT.war
2024-12-10 10:49:51,287 INFO  [org.eclipse.jnosql.mapping.document.spi.DocumentExtension] (MSC service thread 1-5) Processing Document extension: 0 databases crud 1 found
2024-12-10 10:49:51,288 INFO  [org.eclipse.jnosql.mapping.document.spi.DocumentExtension] (MSC service thread 1-5) Processing repositories as a Document implementation: [interface tn.supcom.appsec.repositories.UserRepository]
2024-12-10 10:49:51,346 INFO  [org.wildfly.security.soteria.original.SamRegistrationInstaller] (ServerService Thread Pool -- 71) Initializing Soteria 3.0.3.Final for context ''
2024-12-10 10:49:51,358 INFO  [org.jboss.resteasy.resteasy_jaxrs.i18n] (ServerService Thread Pool -- 71) RESTEASY002225: Deploying jakarta.ws.rs.core.Application: class tn.supcom.appsec.JaxRSActivator
2024-12-10 10:49:51,368 INFO  [org.wildfly.extension.undertow] (ServerService Thread Pool -- 71) WFLYUT0021: Registered web context: '/' for server 'default-server'
2024-12-10 10:49:51,394 INFO  [org.jboss.as.server] (management-handler-thread - 1) WFLYSRV0013: Redeployed "ROOT.war"
2024-12-10 10:49:51,405 INFO  [org.wildfly.extension.undertow] (ServerService Thread Pool -- 71) WFLYUT0022: Unregistered web context: '/' from server 'default-server'
2024-12-10 10:49:51,507 INFO  [org.jboss.as.server.deployment] (MSC service thread 1-2) WFLYSRV0028: Stopped deployment ROOT.war (runtime-name: ROOT.war) in 102ms
2024-12-10 10:49:51,524 INFO  [org.jboss.as.server] (management-handler-thread - 1) WFLYSRV0009: Undeployed "ROOT.war" (runtime-name: "ROOT.war")
2024-12-10 10:49:51,893 INFO  [org.jboss.as.server.deployment] (MSC service thread 1-7) WFLYSRV0027: Starting deployment of "ROOT.war" (runtime-name: "ROOT.war")
2024-12-10 10:49:56,587 WARN  [org.jboss.weld.deployer] (MSC service thread 1-7) WFLYWELD0018: Found both WEB-INF/beans.xml and WEB-INF/classes/META-INF/beans.xml. It is not portable to use both locations at the same time. Weld is going to use the former location for this deployment.
2024-12-10 10:49:56,630 INFO  [org.jboss.weld.deployer] (MSC service thread 1-3) WFLYWELD0003: Processing weld deployment ROOT.war
2024-12-10 10:49:59,726 INFO  [org.eclipse.jnosql.mapping.document.spi.DocumentExtension] (MSC service thread 1-5) Processing Document extension: 0 databases crud 1 found
2024-12-10 10:49:59,726 INFO  [org.eclipse.jnosql.mapping.document.spi.DocumentExtension] (MSC service thread 1-5) Processing repositories as a Document implementation: [interface tn.supcom.appsec.repositories.UserRepository]
2024-12-10 10:49:59,778 INFO  [org.wildfly.security.soteria.original.SamRegistrationInstaller] (ServerService Thread Pool -- 70) Initializing Soteria 3.0.3.Final for context ''
2024-12-10 10:49:59,791 INFO  [org.jboss.resteasy.resteasy_jaxrs.i18n] (ServerService Thread Pool -- 70) RESTEASY002225: Deploying jakarta.ws.rs.core.Application: class tn.supcom.appsec.JaxRSActivator
2024-12-10 10:49:59,805 INFO  [org.wildfly.extension.undertow] (ServerService Thread Pool -- 70) WFLYUT0021: Registered web context: '/' for server 'default-server'
2024-12-10 10:49:59,828 INFO  [org.jboss.as.server] (management-handler-thread - 1) WFLYSRV0010: Deployed "ROOT.war" (runtime-name : "ROOT.war")
2024-12-10 10:50:52,825 INFO  [org.mongodb.driver.client] (default task-1) MongoClient with metadata {"driver": {"name": "mongo-java-driver|sync", "version": "4.11.1"}, "os": {"type": "Windows", "name": "Windows 11", "architecture": "amd64", "version": "10.0"}, "platform": "Java/Oracle Corporation/21.0.4+8-LTS-274"} created with settings MongoClientSettings{readPreference=primary, writeConcern=WriteConcern{w=null, wTimeout=null ms, journal=null}, retryWrites=true, retryReads=true, readConcern=ReadConcern{level=null}, credential=null, transportSettings=null, streamFactoryFactory=null, commandListeners=[], codecRegistry=ProvidersCodecRegistry{codecProviders=[ValueCodecProvider{}, BsonValueCodecProvider{}, DBRefCodecProvider{}, DBObjectCodecProvider{}, DocumentCodecProvider{}, CollectionCodecProvider{}, IterableCodecProvider{}, MapCodecProvider{}, GeoJsonCodecProvider{}, GridFSFileCodecProvider{}, Jsr310CodecProvider{}, JsonObjectCodecProvider{}, BsonCodecProvider{}, EnumCodecProvider{}, com.mongodb.client.model.mql.ExpressionCodecProvider@35d97485, com.mongodb.Jep395RecordCodecProvider@4e2aa41a, com.mongodb.KotlinCodecProvider@76d08b9f]}, loggerSettings=LoggerSettings{maxDocumentLength=1000}, clusterSettings={hosts=[localhost:27017], srvServiceName=mongodb, mode=SINGLE, requiredClusterType=UNKNOWN, requiredReplicaSetName='null', serverSelector='null', clusterListeners='[]', serverSelectionTimeout='30000 ms', localThreshold='15 ms'}, socketSettings=SocketSettings{connectTimeoutMS=10000, readTimeoutMS=0, receiveBufferSize=0, proxySettings=ProxySettings{host=null, port=null, username=null, password=null}}, heartbeatSocketSettings=SocketSettings{connectTimeoutMS=10000, readTimeoutMS=10000, receiveBufferSize=0, proxySettings=ProxySettings{host=null, port=null, username=null, password=null}}, connectionPoolSettings=ConnectionPoolSettings{maxSize=100, minSize=0, maxWaitTimeMS=120000, maxConnectionLifeTimeMS=0, maxConnectionIdleTimeMS=0, maintenanceInitialDelayMS=0, maintenanceFrequencyMS=60000, connectionPoolListeners=[], maxConnecting=2}, serverSettings=ServerSettings{heartbeatFrequencyMS=10000, minHeartbeatFrequencyMS=500, serverListeners='[]', serverMonitorListeners='[]'}, sslSettings=SslSettings{enabled=false, invalidHostNameAllowed=false, context=null}, applicationName='null', compressorList=[], uuidRepresentation=UNSPECIFIED, serverApi=null, autoEncryptionSettings=null, dnsClient=null, inetAddressResolver=null, contextProvider=null}
2024-12-10 10:50:52,873 INFO  [org.mongodb.driver.cluster] (cluster-ClusterId{value='67580efc27f6f9242797a3f3', description='null'}-localhost:27017) Monitor thread successfully connected to server with description ServerDescription{address=localhost:27017, type=STANDALONE, state=CONNECTED, ok=true, minWireVersion=0, maxWireVersion=21, maxDocumentSize=16777216, logicalSessionTimeoutMinutes=30, roundTripTimeNanos=55802500}
2024-12-10 10:50:52,875 INFO  [org.mongodb.driver.cluster] (default task-1) No server chosen by ReadPreferenceServerSelector{readPreference=primary} from cluster description ClusterDescription{type=UNKNOWN, connectionMode=SINGLE, serverDescriptions=[ServerDescription{address=localhost:27017, type=UNKNOWN, state=CONNECTING}]}. Waiting for 30000 ms before timing out
2024-12-10 10:50:52,903 ERROR [org.jboss.resteasy.core.providerfactory.DefaultExceptionMapper] (default task-1) RESTEASY002375: Error processing request POST /api/authenticate - tn.supcom.appsec.boundaries.SignInEndpoint.signIn: java.util.NoSuchElementException: No value present
	at java.base/java.util.Optional.orElseThrow(Optional.java:377)
	at deployment.ROOT.war//tn.supcom.appsec.controllers.UserManager.authenticate(UserManager.java:24)
	at deployment.ROOT.war//tn.supcom.appsec.controllers.UserManager$Proxy$_$$_WeldClientProxy.authenticate(Unknown Source)
	at deployment.ROOT.war//tn.supcom.appsec.boundaries.SignInEndpoint.signIn(SignInEndpoint.java:103)
	at deployment.ROOT.war//tn.supcom.appsec.boundaries.SignInEndpoint$Proxy$_$$_WeldClientProxy.signIn(Unknown Source)
	at java.base/jdk.internal.reflect.DirectMethodHandleAccessor.invoke(DirectMethodHandleAccessor.java:103)
	at java.base/java.lang.reflect.Method.invoke(Method.java:580)
	at org.jboss.resteasy.resteasy-core@6.2.10.Final//org.jboss.resteasy.core.MethodInjectorImpl.invoke(MethodInjectorImpl.java:154)
	at org.jboss.resteasy.resteasy-core@6.2.10.Final//org.jboss.resteasy.core.MethodInjectorImpl.invoke(MethodInjectorImpl.java:118)
	at org.jboss.resteasy.resteasy-core@6.2.10.Final//org.jboss.resteasy.core.ResourceMethodInvoker.internalInvokeOnTarget(ResourceMethodInvoker.java:560)
	at org.jboss.resteasy.resteasy-core@6.2.10.Final//org.jboss.resteasy.core.ResourceMethodInvoker.invokeOnTargetAfterFilter(ResourceMethodInvoker.java:452)
	at org.jboss.resteasy.resteasy-core@6.2.10.Final//org.jboss.resteasy.core.ResourceMethodInvoker.lambda$invokeOnTarget$2(ResourceMethodInvoker.java:413)
	at org.jboss.resteasy.resteasy-core@6.2.10.Final//org.jboss.resteasy.core.interception.jaxrs.PreMatchContainerRequestContext.filter(PreMatchContainerRequestContext.java:321)
	at org.jboss.resteasy.resteasy-core@6.2.10.Final//org.jboss.resteasy.core.ResourceMethodInvoker.invokeOnTarget(ResourceMethodInvoker.java:415)
	at org.jboss.resteasy.resteasy-core@6.2.10.Final//org.jboss.resteasy.core.ResourceMethodInvoker.invoke(ResourceMethodInvoker.java:378)
	at org.jboss.resteasy.resteasy-core@6.2.10.Final//org.jboss.resteasy.core.ResourceMethodInvoker.invoke(ResourceMethodInvoker.java:356)
	at org.jboss.resteasy.resteasy-core@6.2.10.Final//org.jboss.resteasy.core.ResourceMethodInvoker.invoke(ResourceMethodInvoker.java:70)
	at org.jboss.resteasy.resteasy-core@6.2.10.Final//org.jboss.resteasy.core.SynchronousDispatcher.invoke(SynchronousDispatcher.java:429)
	at org.jboss.resteasy.resteasy-core@6.2.10.Final//org.jboss.resteasy.core.SynchronousDispatcher.lambda$invoke$4(SynchronousDispatcher.java:240)
	at org.jboss.resteasy.resteasy-core@6.2.10.Final//org.jboss.resteasy.core.SynchronousDispatcher.lambda$preprocess$0(SynchronousDispatcher.java:154)
	at org.jboss.resteasy.resteasy-core@6.2.10.Final//org.jboss.resteasy.core.interception.jaxrs.PreMatchContainerRequestContext.filter(PreMatchContainerRequestContext.java:321)
	at org.jboss.resteasy.resteasy-core@6.2.10.Final//org.jboss.resteasy.core.SynchronousDispatcher.preprocess(SynchronousDispatcher.java:157)
	at org.jboss.resteasy.resteasy-core@6.2.10.Final//org.jboss.resteasy.core.SynchronousDispatcher.invoke(SynchronousDispatcher.java:229)
	at org.jboss.resteasy.resteasy-core@6.2.10.Final//org.jboss.resteasy.plugins.server.servlet.ServletContainerDispatcher.service(ServletContainerDispatcher.java:222)
	at org.jboss.resteasy.resteasy-core@6.2.10.Final//org.jboss.resteasy.plugins.server.servlet.HttpServletDispatcher.service(HttpServletDispatcher.java:55)
	at org.jboss.resteasy.resteasy-core@6.2.10.Final//org.jboss.resteasy.plugins.server.servlet.HttpServletDispatcher.service(HttpServletDispatcher.java:51)
	at jakarta.servlet.api@6.0.0//jakarta.servlet.http.HttpServlet.service(HttpServlet.java:614)
	at io.undertow.servlet@2.3.18.Final//io.undertow.servlet.handlers.ServletHandler.handleRequest(ServletHandler.java:74)
	at io.undertow.servlet@2.3.18.Final//io.undertow.servlet.handlers.security.ServletSecurityRoleHandler.handleRequest(ServletSecurityRoleHandler.java:62)
	at io.undertow.servlet@2.3.18.Final//io.undertow.servlet.handlers.ServletChain$1.handleRequest(ServletChain.java:68)
	at io.undertow.servlet@2.3.18.Final//io.undertow.servlet.handlers.ServletDispatchingHandler.handleRequest(ServletDispatchingHandler.java:36)
	at org.wildfly.security.elytron-web.undertow-server@4.1.0.Final//org.wildfly.elytron.web.undertow.server.ElytronRunAsHandler.lambda$handleRequest$1(ElytronRunAsHandler.java:68)
	at org.wildfly.security.elytron-base@2.6.0.Final//org.wildfly.security.auth.server.FlexibleIdentityAssociation.runAsFunctionEx(FlexibleIdentityAssociation.java:103)
	at org.wildfly.security.elytron-base@2.6.0.Final//org.wildfly.security.auth.server.Scoped.runAsFunctionEx(Scoped.java:161)
	at org.wildfly.security.elytron-base@2.6.0.Final//org.wildfly.security.auth.server.Scoped.runAs(Scoped.java:73)
	at org.wildfly.security.elytron-web.undertow-server@4.1.0.Final//org.wildfly.elytron.web.undertow.server.ElytronRunAsHandler.handleRequest(ElytronRunAsHandler.java:67)
	at io.undertow.servlet@2.3.18.Final//io.undertow.servlet.handlers.RedirectDirHandler.handleRequest(RedirectDirHandler.java:68)
	at io.undertow.servlet@2.3.18.Final//io.undertow.servlet.handlers.security.SSLInformationAssociationHandler.handleRequest(SSLInformationAssociationHandler.java:117)
	at io.undertow.servlet@2.3.18.Final//io.undertow.servlet.handlers.security.ServletAuthenticationCallHandler.handleRequest(ServletAuthenticationCallHandler.java:57)
	at io.undertow.core@2.3.18.Final//io.undertow.server.handlers.PredicateHandler.handleRequest(PredicateHandler.java:43)
	at io.undertow.core@2.3.18.Final//io.undertow.security.handlers.AbstractConfidentialityHandler.handleRequest(AbstractConfidentialityHandler.java:46)
	at io.undertow.servlet@2.3.18.Final//io.undertow.servlet.handlers.security.ServletConfidentialityConstraintHandler.handleRequest(ServletConfidentialityConstraintHandler.java:64)
	at io.undertow.core@2.3.18.Final//io.undertow.security.handlers.AbstractSecurityContextAssociationHandler.handleRequest(AbstractSecurityContextAssociationHandler.java:43)
	at org.wildfly.security.elytron-web.undertow-server-servlet@4.1.0.Final//org.wildfly.elytron.web.undertow.server.servlet.CleanUpHandler.handleRequest(CleanUpHandler.java:38)
	at io.undertow.core@2.3.18.Final//io.undertow.server.handlers.PredicateHandler.handleRequest(PredicateHandler.java:43)
	at org.wildfly.extension.undertow@34.0.0.Final//org.wildfly.extension.undertow.security.jacc.JACCContextIdHandler.handleRequest(JACCContextIdHandler.java:44)
	at io.undertow.core@2.3.18.Final//io.undertow.server.handlers.PredicateHandler.handleRequest(PredicateHandler.java:43)
	at org.wildfly.extension.undertow@34.0.0.Final//org.wildfly.extension.undertow.deployment.GlobalRequestControllerHandler.handleRequest(GlobalRequestControllerHandler.java:51)
	at io.undertow.servlet@2.3.18.Final//io.undertow.servlet.handlers.SendErrorPageHandler.handleRequest(SendErrorPageHandler.java:52)
	at io.undertow.core@2.3.18.Final//io.undertow.server.handlers.PredicateHandler.handleRequest(PredicateHandler.java:43)
	at io.undertow.servlet@2.3.18.Final//io.undertow.servlet.handlers.ServletInitialHandler.handleFirstRequest(ServletInitialHandler.java:276)
	at io.undertow.servlet@2.3.18.Final//io.undertow.servlet.handlers.ServletInitialHandler$2.call(ServletInitialHandler.java:135)
	at io.undertow.servlet@2.3.18.Final//io.undertow.servlet.handlers.ServletInitialHandler$2.call(ServletInitialHandler.java:132)
	at io.undertow.servlet@2.3.18.Final//io.undertow.servlet.core.ServletRequestContextThreadSetupAction$1.call(ServletRequestContextThreadSetupAction.java:48)
	at io.undertow.servlet@2.3.18.Final//io.undertow.servlet.core.ContextClassLoaderSetupAction$1.call(ContextClassLoaderSetupAction.java:43)
	at org.wildfly.extension.undertow@34.0.0.Final//org.wildfly.extension.undertow.deployment.UndertowDeploymentInfoService$UndertowThreadSetupAction.lambda$create$0(UndertowDeploymentInfoService.java:1421)
	at org.wildfly.extension.undertow@34.0.0.Final//org.wildfly.extension.undertow.deployment.UndertowDeploymentInfoService$UndertowThreadSetupAction.lambda$create$0(UndertowDeploymentInfoService.java:1421)
	at org.wildfly.extension.undertow@34.0.0.Final//org.wildfly.extension.undertow.deployment.UndertowDeploymentInfoService$UndertowThreadSetupAction.lambda$create$0(UndertowDeploymentInfoService.java:1421)
	at org.wildfly.extension.undertow@34.0.0.Final//org.wildfly.extension.undertow.deployment.UndertowDeploymentInfoService$UndertowThreadSetupAction.lambda$create$0(UndertowDeploymentInfoService.java:1421)
	at io.undertow.servlet@2.3.18.Final//io.undertow.servlet.handlers.ServletInitialHandler.dispatchRequest(ServletInitialHandler.java:256)
	at io.undertow.servlet@2.3.18.Final//io.undertow.servlet.handlers.ServletInitialHandler$1.handleRequest(ServletInitialHandler.java:101)
	at io.undertow.core@2.3.18.Final//io.undertow.server.Connectors.executeRootHandler(Connectors.java:395)
	at io.undertow.core@2.3.18.Final//io.undertow.server.HttpServerExchange$1.run(HttpServerExchange.java:861)
	at org.jboss.threads@2.4.0.Final//org.jboss.threads.ContextClassLoaderSavingRunnable.run(ContextClassLoaderSavingRunnable.java:35)
	at org.jboss.threads@2.4.0.Final//org.jboss.threads.EnhancedQueueExecutor.safeRun(EnhancedQueueExecutor.java:1990)
	at org.jboss.threads@2.4.0.Final//org.jboss.threads.EnhancedQueueExecutor$ThreadBody.doRunTask(EnhancedQueueExecutor.java:1486)
	at org.jboss.threads@2.4.0.Final//org.jboss.threads.EnhancedQueueExecutor$ThreadBody.run(EnhancedQueueExecutor.java:1377)
	at org.jboss.xnio@3.8.16.Final//org.xnio.XnioWorker$WorkerThreadFactory$1$1.run(XnioWorker.java:1282)
	at java.base/java.lang.Thread.run(Thread.java:1583)

